2024-07-22 20:53:20.814 [info] Log level: Info
2024-07-22 20:53:20.814 [info] Validating found git in: "git"
2024-07-22 20:53:20.814 [info] Using git "2.45.2" from "git"
2024-07-22 20:53:20.814 [info] > git rev-parse --show-toplevel [2ms]
2024-07-22 20:53:20.814 [info] fatal: not a git repository (or any parent up to mount point /)
Stopping at filesystem boundary (GIT_DISCOVERY_ACROSS_FILESYSTEM not set).
2024-07-22 20:53:20.820 [info] > git rev-parse --show-toplevel [1ms]
2024-07-22 20:53:20.820 [info] fatal: not a git repository (or any parent up to mount point /)
Stopping at filesystem boundary (GIT_DISCOVERY_ACROSS_FILESYSTEM not set).
2024-07-22 20:53:20.825 [info] > git rev-parse --show-toplevel [1ms]
2024-07-22 20:53:20.825 [info] fatal: not a git repository (or any parent up to mount point /)
Stopping at filesystem boundary (GIT_DISCOVERY_ACROSS_FILESYSTEM not set).
2024-07-22 20:53:20.828 [info] > git rev-parse --show-toplevel [1ms]
2024-07-22 20:53:20.828 [info] fatal: not a git repository (or any parent up to mount point /)
Stopping at filesystem boundary (GIT_DISCOVERY_ACROSS_FILESYSTEM not set).
2024-07-22 20:53:20.831 [info] > git rev-parse --show-toplevel [1ms]
2024-07-22 20:53:20.831 [info] fatal: not a git repository (or any parent up to mount point /)
Stopping at filesystem boundary (GIT_DISCOVERY_ACROSS_FILESYSTEM not set).
2024-07-22 20:53:20.834 [info] > git rev-parse --show-toplevel [1ms]
2024-07-22 20:53:20.834 [info] fatal: not a git repository (or any parent up to mount point /)
Stopping at filesystem boundary (GIT_DISCOVERY_ACROSS_FILESYSTEM not set).
2024-07-22 20:53:20.837 [info] > git rev-parse --show-toplevel [1ms]
2024-07-22 20:53:20.837 [info] fatal: not a git repository (or any parent up to mount point /)
Stopping at filesystem boundary (GIT_DISCOVERY_ACROSS_FILESYSTEM not set).
2024-07-22 20:53:20.840 [info] > git rev-parse --show-toplevel [1ms]
2024-07-22 20:53:20.840 [info] fatal: not a git repository (or any parent up to mount point /)
Stopping at filesystem boundary (GIT_DISCOVERY_ACROSS_FILESYSTEM not set).
2024-07-22 20:53:20.843 [info] > git rev-parse --show-toplevel [1ms]
2024-07-22 20:53:20.843 [info] fatal: not a git repository (or any parent up to mount point /)
Stopping at filesystem boundary (GIT_DISCOVERY_ACROSS_FILESYSTEM not set).
2024-07-22 20:53:20.846 [info] > git rev-parse --show-toplevel [1ms]
2024-07-22 20:53:20.846 [info] fatal: not a git repository (or any parent up to mount point /)
Stopping at filesystem boundary (GIT_DISCOVERY_ACROSS_FILESYSTEM not set).
2024-07-22 20:53:20.849 [info] > git rev-parse --show-toplevel [1ms]
2024-07-22 20:53:20.849 [info] fatal: not a git repository (or any parent up to mount point /)
Stopping at filesystem boundary (GIT_DISCOVERY_ACROSS_FILESYSTEM not set).
2024-07-22 20:53:20.851 [info] > git rev-parse --show-toplevel [0ms]
2024-07-22 20:53:20.851 [info] fatal: not a git repository (or any parent up to mount point /)
Stopping at filesystem boundary (GIT_DISCOVERY_ACROSS_FILESYSTEM not set).
2024-07-22 20:53:20.854 [info] > git rev-parse --show-toplevel [1ms]
2024-07-22 20:53:20.854 [info] fatal: not a git repository (or any parent up to mount point /)
Stopping at filesystem boundary (GIT_DISCOVERY_ACROSS_FILESYSTEM not set).
2024-07-22 20:53:20.857 [info] > git rev-parse --show-toplevel [1ms]
2024-07-22 20:53:20.860 [info] > git rev-parse --git-dir --git-common-dir [1ms]
2024-07-22 20:53:20.866 [info] Open repository: /home/sam/.oh-my-zsh
2024-07-22 20:53:20.875 [info] > git rev-parse --show-toplevel [3ms]
2024-07-22 20:53:20.875 [info] fatal: not a git repository (or any parent up to mount point /)
Stopping at filesystem boundary (GIT_DISCOVERY_ACROSS_FILESYSTEM not set).
2024-07-22 20:53:20.875 [info] > git config --get commit.template [6ms]
2024-07-22 20:53:20.887 [info] > git rev-parse --show-toplevel [6ms]
2024-07-22 20:53:20.887 [info] fatal: not a git repository (or any parent up to mount point /)
Stopping at filesystem boundary (GIT_DISCOVERY_ACROSS_FILESYSTEM not set).
2024-07-22 20:53:20.891 [info] > git for-each-ref --format=%(refname)%00%(upstream:short)%00%(objectname)%00%(upstream:track)%00%(upstream:remotename)%00%(upstream:remoteref) refs/heads/master refs/remotes/master [4ms]
2024-07-22 20:53:20.891 [info] > git rev-parse --show-toplevel [1ms]
2024-07-22 20:53:20.891 [info] fatal: not a git repository (or any parent up to mount point /)
Stopping at filesystem boundary (GIT_DISCOVERY_ACROSS_FILESYSTEM not set).
2024-07-22 20:53:20.897 [info] > git rev-parse --show-toplevel [4ms]
2024-07-22 20:53:20.897 [info] fatal: not a git repository (or any parent up to mount point /)
Stopping at filesystem boundary (GIT_DISCOVERY_ACROSS_FILESYSTEM not set).
2024-07-22 20:53:20.900 [info] > git rev-parse --show-toplevel [1ms]
2024-07-22 20:53:20.900 [info] fatal: not a git repository (or any parent up to mount point /)
Stopping at filesystem boundary (GIT_DISCOVERY_ACROSS_FILESYSTEM not set).
2024-07-22 20:53:20.902 [info] > git status -z -uall [6ms]
2024-07-22 20:53:20.911 [info] > git for-each-ref --format=%(refname)%00%(upstream:short)%00%(objectname)%00%(upstream:track)%00%(upstream:remotename)%00%(upstream:remoteref) refs/heads/master refs/remotes/master [6ms]
2024-07-22 20:53:20.913 [info] > git rev-parse --show-toplevel [11ms]
2024-07-22 20:53:20.913 [info] fatal: not a git repository (or any parent up to mount point /)
Stopping at filesystem boundary (GIT_DISCOVERY_ACROSS_FILESYSTEM not set).
2024-07-22 20:53:20.916 [info] > git config --local branch.master.vscode-merge-base [3ms]
2024-07-22 20:53:20.916 [warning] git config failed: Failed to execute git
2024-07-22 20:53:20.919 [info] > git config --get commit.template [8ms]
2024-07-22 20:53:20.919 [info] > git rev-parse --show-toplevel [3ms]
2024-07-22 20:53:20.919 [info] fatal: not a git repository (or any parent up to mount point /)
Stopping at filesystem boundary (GIT_DISCOVERY_ACROSS_FILESYSTEM not set).
2024-07-22 20:53:20.930 [info] > git reflog master --grep-reflog=branch: Created from *. [11ms]
2024-07-22 20:53:20.934 [info] > git for-each-ref --format=%(refname)%00%(upstream:short)%00%(objectname)%00%(upstream:track)%00%(upstream:remotename)%00%(upstream:remoteref) refs/heads/origin/master refs/remotes/origin/master [1ms]
2024-07-22 20:53:20.936 [info] > git rev-parse --show-toplevel [6ms]
2024-07-22 20:53:20.936 [info] fatal: not a git repository (or any parent up to mount point /)
Stopping at filesystem boundary (GIT_DISCOVERY_ACROSS_FILESYSTEM not set).
2024-07-22 20:53:20.936 [info] > git for-each-ref --format=%(refname)%00%(upstream:short)%00%(objectname)%00%(upstream:track)%00%(upstream:remotename)%00%(upstream:remoteref) refs/heads/master refs/remotes/master [8ms]
2024-07-22 20:53:20.939 [info] > git rev-parse --show-toplevel [0ms]
2024-07-22 20:53:20.939 [info] fatal: not a git repository (or any parent up to mount point /)
Stopping at filesystem boundary (GIT_DISCOVERY_ACROSS_FILESYSTEM not set).
2024-07-22 20:53:20.939 [info] > git symbolic-ref --short refs/remotes/origin/HEAD [3ms]
2024-07-22 20:53:20.939 [info] fatal: ref refs/remotes/origin/HEAD is not a symbolic ref
2024-07-22 20:53:20.947 [info] > git merge-base refs/heads/master refs/remotes/origin/master [5ms]
2024-07-22 20:53:20.950 [info] > git rev-parse --show-toplevel [6ms]
2024-07-22 20:53:20.950 [info] fatal: not a git repository (or any parent up to mount point /)
Stopping at filesystem boundary (GIT_DISCOVERY_ACROSS_FILESYSTEM not set).
2024-07-22 20:53:20.952 [info] > git status -z -uall [5ms]
2024-07-22 20:53:20.955 [info] > git rev-list --count --left-right refs/heads/master...refs/remotes/origin/master [6ms]
2024-07-22 20:53:20.958 [info] > git for-each-ref --format=%(refname)%00%(upstream:short)%00%(objectname)%00%(upstream:track)%00%(upstream:remotename)%00%(upstream:remoteref) refs/heads/master refs/remotes/master [3ms]
2024-07-22 20:53:20.961 [info] > git rev-parse --show-toplevel [9ms]
2024-07-22 20:53:20.961 [info] fatal: not a git repository (or any parent up to mount point /)
Stopping at filesystem boundary (GIT_DISCOVERY_ACROSS_FILESYSTEM not set).
2024-07-22 20:53:20.963 [info] > git diff --name-status -z --diff-filter=ADMR be10a9127731e7c6a9a57f8c8c1789e233117ae9...refs/remotes/origin/master [5ms]
2024-07-22 20:53:20.964 [info] > git rev-parse --show-toplevel [1ms]
2024-07-22 20:53:20.964 [info] > git config --local branch.master.vscode-merge-base [3ms]
2024-07-22 20:53:20.964 [warning] git config failed: Failed to execute git
2024-07-22 20:53:20.969 [info] > git reflog master --grep-reflog=branch: Created from *. [3ms]
2024-07-22 20:53:20.971 [info] > git rev-parse --git-dir --git-common-dir [2ms]
2024-07-22 20:53:20.974 [info] Open repository: /home/sam/Git
2024-07-22 20:53:20.979 [info] > git for-each-ref --format=%(refname)%00%(upstream:short)%00%(objectname)%00%(upstream:track)%00%(upstream:remotename)%00%(upstream:remoteref) refs/heads/origin/master refs/remotes/origin/master [8ms]
2024-07-22 20:53:20.982 [info] > git symbolic-ref --short refs/remotes/origin/HEAD [1ms]
2024-07-22 20:53:20.982 [info] fatal: ref refs/remotes/origin/HEAD is not a symbolic ref
2024-07-22 20:53:20.982 [info] > git rev-parse --show-toplevel [4ms]
2024-07-22 20:53:20.982 [info] fatal: not a git repository (or any parent up to mount point /)
Stopping at filesystem boundary (GIT_DISCOVERY_ACROSS_FILESYSTEM not set).
2024-07-22 20:53:20.982 [info] > git config --get commit.template [5ms]
2024-07-22 20:53:20.988 [info] > git rev-parse --show-toplevel [3ms]
2024-07-22 20:53:20.988 [info] fatal: not a git repository (or any parent up to mount point /)
Stopping at filesystem boundary (GIT_DISCOVERY_ACROSS_FILESYSTEM not set).
2024-07-22 20:53:20.990 [info] > git for-each-ref --format=%(refname)%00%(upstream:short)%00%(objectname)%00%(upstream:track)%00%(upstream:remotename)%00%(upstream:remoteref) refs/heads/next refs/remotes/next [3ms]
2024-07-22 20:53:20.992 [warning] ENOENT: no such file or directory, open '/home/sam/Git/.git/refs/remotes/origin/next'
2024-07-22 20:53:20.992 [info] > git rev-parse --show-toplevel [2ms]
2024-07-22 20:53:20.992 [info] fatal: not a git repository (or any parent up to mount point /)
Stopping at filesystem boundary (GIT_DISCOVERY_ACROSS_FILESYSTEM not set).
2024-07-22 20:53:20.995 [info] > git rev-parse refs/remotes/origin/next [3ms]
2024-07-22 20:53:20.998 [info] > git rev-parse --show-toplevel [3ms]
2024-07-22 20:53:20.998 [info] fatal: not a git repository (or any parent up to mount point /)
Stopping at filesystem boundary (GIT_DISCOVERY_ACROSS_FILESYSTEM not set).
2024-07-22 20:53:21.000 [info] > git status -z -uall [3ms]
2024-07-22 20:53:21.014 [info] > git for-each-ref --format=%(refname)%00%(upstream:short)%00%(objectname)%00%(upstream:track)%00%(upstream:remotename)%00%(upstream:remoteref) refs/heads/next refs/remotes/next [11ms]
2024-07-22 20:53:21.017 [info] > git rev-parse --show-toplevel [17ms]
2024-07-22 20:53:21.017 [info] fatal: not a git repository (or any parent up to mount point /)
Stopping at filesystem boundary (GIT_DISCOVERY_ACROSS_FILESYSTEM not set).
2024-07-22 20:53:21.019 [info] > git config --get commit.template [7ms]
2024-07-22 20:53:21.021 [info] > git rev-parse --show-toplevel [2ms]
2024-07-22 20:53:21.021 [info] fatal: not a git repository (or any parent up to mount point /)
Stopping at filesystem boundary (GIT_DISCOVERY_ACROSS_FILESYSTEM not set).
2024-07-22 20:53:21.021 [info] > git config --local branch.next.vscode-merge-base [4ms]
2024-07-22 20:53:21.029 [info] > git for-each-ref --format=%(refname)%00%(upstream:short)%00%(objectname)%00%(upstream:track)%00%(upstream:remotename)%00%(upstream:remoteref) refs/heads/next refs/remotes/next [3ms]
2024-07-22 20:53:21.029 [info] > git for-each-ref --format=%(refname)%00%(upstream:short)%00%(objectname)%00%(upstream:track)%00%(upstream:remotename)%00%(upstream:remoteref) refs/heads/origin/next refs/remotes/origin/next [5ms]
2024-07-22 20:53:21.033 [warning] ENOENT: no such file or directory, open '/home/sam/Git/.git/refs/remotes/origin/next'
2024-07-22 20:53:21.034 [info] > git rev-parse --show-toplevel [6ms]
2024-07-22 20:53:21.034 [info] fatal: not a git repository (or any parent up to mount point /)
Stopping at filesystem boundary (GIT_DISCOVERY_ACROSS_FILESYSTEM not set).
2024-07-22 20:53:21.034 [info] > git rev-parse refs/remotes/origin/next [1ms]
2024-07-22 20:53:21.036 [info] > git merge-base refs/heads/next refs/remotes/origin/next [5ms]
2024-07-22 20:53:21.039 [info] > git status -z -uall [3ms]
2024-07-22 20:53:21.045 [info] > git for-each-ref --format=%(refname)%00%(upstream:short)%00%(objectname)%00%(upstream:track)%00%(upstream:remotename)%00%(upstream:remoteref) refs/heads/next refs/remotes/next [3ms]
2024-07-22 20:53:21.048 [info] > git rev-list --count --left-right refs/heads/next...refs/remotes/origin/next [9ms]
2024-07-22 20:53:21.050 [info] > git config --local branch.next.vscode-merge-base [2ms]
2024-07-22 20:53:21.055 [info] > git for-each-ref --format=%(refname)%00%(upstream:short)%00%(objectname)%00%(upstream:track)%00%(upstream:remotename)%00%(upstream:remoteref) refs/heads/origin/next refs/remotes/origin/next [2ms]
2024-07-22 20:53:21.055 [info] > git diff --name-status -z --diff-filter=ADMR 836fc5922a3221ed1edbdaf5f1b642696f622cdf...refs/remotes/origin/next [5ms]
2024-07-22 20:53:22.917 [info] > git rev-parse --show-toplevel [1ms]
2024-07-22 20:53:22.917 [info] fatal: not a git repository (or any parent up to mount point /)
Stopping at filesystem boundary (GIT_DISCOVERY_ACROSS_FILESYSTEM not set).
2024-07-22 20:55:54.253 [info] > git rev-parse --show-toplevel [1ms]
2024-07-22 20:55:54.253 [info] fatal: not a git repository (or any parent up to mount point /)
Stopping at filesystem boundary (GIT_DISCOVERY_ACROSS_FILESYSTEM not set).
2024-07-22 20:55:54.350 [info] > git rev-parse --show-toplevel [32ms]
2024-07-22 20:55:54.350 [info] fatal: not a git repository (or any parent up to mount point /)
Stopping at filesystem boundary (GIT_DISCOVERY_ACROSS_FILESYSTEM not set).
2024-07-22 20:56:59.452 [info] > git rev-parse --show-toplevel [1ms]
2024-07-22 20:56:59.452 [info] fatal: not a git repository (or any parent up to mount point /)
Stopping at filesystem boundary (GIT_DISCOVERY_ACROSS_FILESYSTEM not set).
2024-07-22 20:57:09.014 [info] > git rev-parse --show-toplevel [1ms]
2024-07-22 20:57:09.014 [info] fatal: not a git repository (or any parent up to mount point /)
Stopping at filesystem boundary (GIT_DISCOVERY_ACROSS_FILESYSTEM not set).
2024-07-22 20:57:10.816 [info] > git check-ignore -v -z --stdin [4ms]
2024-07-22 20:57:10.816 [info] > git check-ignore -v -z --stdin [2ms]
2024-07-22 20:57:14.724 [info] > git rev-parse --show-toplevel [1ms]
2024-07-22 20:57:14.724 [info] fatal: not a git repository (or any parent up to mount point /)
Stopping at filesystem boundary (GIT_DISCOVERY_ACROSS_FILESYSTEM not set).
2024-07-22 20:57:16.690 [info] > git rev-parse --show-toplevel [0ms]
2024-07-22 20:57:16.691 [info] fatal: not a git repository (or any parent up to mount point /)
Stopping at filesystem boundary (GIT_DISCOVERY_ACROSS_FILESYSTEM not set).
2024-07-22 20:57:17.848 [info] > git rev-parse --show-toplevel [2ms]
2024-07-22 20:57:17.848 [info] fatal: not a git repository (or any parent up to mount point /)
Stopping at filesystem boundary (GIT_DISCOVERY_ACROSS_FILESYSTEM not set).
2024-07-22 20:57:53.325 [info] > git rev-parse --show-toplevel [1ms]
2024-07-22 20:57:53.325 [info] fatal: not a git repository (or any parent up to mount point /)
Stopping at filesystem boundary (GIT_DISCOVERY_ACROSS_FILESYSTEM not set).
2024-07-22 20:58:00.949 [info] > git rev-parse --show-toplevel [1ms]
2024-07-22 20:58:00.949 [info] fatal: not a git repository (or any parent up to mount point /)
Stopping at filesystem boundary (GIT_DISCOVERY_ACROSS_FILESYSTEM not set).
2024-07-22 20:58:23.233 [info] > git rev-parse --show-toplevel [0ms]
2024-07-22 20:58:23.233 [info] fatal: not a git repository (or any parent up to mount point /)
Stopping at filesystem boundary (GIT_DISCOVERY_ACROSS_FILESYSTEM not set).
