2024-07-22 17:38:46.376 [info] Log level: Info
2024-07-22 17:38:46.377 [info] Validating found git in: "git"
2024-07-22 17:38:46.377 [info] Using git "2.45.2" from "git"
2024-07-22 17:39:04.566 [info] Log level: Info
2024-07-22 17:39:04.566 [info] Validating found git in: "git"
2024-07-22 17:39:04.566 [info] Using git "2.45.2" from "git"
2024-07-22 17:39:04.566 [info] > git rev-parse --show-toplevel [6ms]
2024-07-22 17:39:04.566 [info] fatal: not a git repository (or any parent up to mount point /)
Stopping at filesystem boundary (GIT_DISCOVERY_ACROSS_FILESYSTEM not set).
2024-07-22 17:39:04.571 [info] > git rev-parse --show-toplevel [0ms]
2024-07-22 17:39:04.571 [info] fatal: not a git repository (or any parent up to mount point /)
Stopping at filesystem boundary (GIT_DISCOVERY_ACROSS_FILESYSTEM not set).
2024-07-22 17:39:04.574 [info] > git rev-parse --show-toplevel [0ms]
2024-07-22 17:39:04.574 [info] fatal: not a git repository (or any parent up to mount point /)
Stopping at filesystem boundary (GIT_DISCOVERY_ACROSS_FILESYSTEM not set).
2024-07-22 17:39:04.577 [info] > git rev-parse --show-toplevel [1ms]
2024-07-22 17:39:04.577 [info] fatal: not a git repository (or any parent up to mount point /)
Stopping at filesystem boundary (GIT_DISCOVERY_ACROSS_FILESYSTEM not set).
2024-07-22 17:39:04.580 [info] > git rev-parse --show-toplevel [1ms]
2024-07-22 17:39:04.580 [info] fatal: not a git repository (or any parent up to mount point /)
Stopping at filesystem boundary (GIT_DISCOVERY_ACROSS_FILESYSTEM not set).
2024-07-22 17:39:04.583 [info] > git rev-parse --show-toplevel [1ms]
2024-07-22 17:39:04.583 [info] fatal: not a git repository (or any parent up to mount point /)
Stopping at filesystem boundary (GIT_DISCOVERY_ACROSS_FILESYSTEM not set).
2024-07-22 17:39:04.586 [info] > git rev-parse --show-toplevel [1ms]
2024-07-22 17:39:04.586 [info] fatal: not a git repository (or any parent up to mount point /)
Stopping at filesystem boundary (GIT_DISCOVERY_ACROSS_FILESYSTEM not set).
2024-07-22 17:39:04.589 [info] > git rev-parse --show-toplevel [0ms]
2024-07-22 17:39:04.589 [info] fatal: not a git repository (or any parent up to mount point /)
Stopping at filesystem boundary (GIT_DISCOVERY_ACROSS_FILESYSTEM not set).
2024-07-22 17:39:04.591 [info] > git rev-parse --show-toplevel [0ms]
2024-07-22 17:39:04.591 [info] fatal: not a git repository (or any parent up to mount point /)
Stopping at filesystem boundary (GIT_DISCOVERY_ACROSS_FILESYSTEM not set).
2024-07-22 17:39:04.594 [info] > git rev-parse --show-toplevel [1ms]
2024-07-22 17:39:04.594 [info] fatal: not a git repository (or any parent up to mount point /)
Stopping at filesystem boundary (GIT_DISCOVERY_ACROSS_FILESYSTEM not set).
2024-07-22 17:39:04.597 [info] > git rev-parse --show-toplevel [1ms]
2024-07-22 17:39:04.597 [info] fatal: not a git repository (or any parent up to mount point /)
Stopping at filesystem boundary (GIT_DISCOVERY_ACROSS_FILESYSTEM not set).
2024-07-22 17:39:04.600 [info] > git rev-parse --show-toplevel [1ms]
2024-07-22 17:39:04.600 [info] fatal: not a git repository (or any parent up to mount point /)
Stopping at filesystem boundary (GIT_DISCOVERY_ACROSS_FILESYSTEM not set).
2024-07-22 17:39:04.603 [info] > git rev-parse --show-toplevel [1ms]
2024-07-22 17:39:04.603 [info] fatal: not a git repository (or any parent up to mount point /)
Stopping at filesystem boundary (GIT_DISCOVERY_ACROSS_FILESYSTEM not set).
2024-07-22 17:39:04.606 [info] > git rev-parse --show-toplevel [1ms]
2024-07-22 17:39:04.609 [info] > git rev-parse --git-dir --git-common-dir [1ms]
2024-07-22 17:39:04.614 [info] Open repository: /home/sam/.oh-my-zsh
2024-07-22 17:39:04.621 [info] > git rev-parse --show-toplevel [1ms]
2024-07-22 17:39:04.621 [info] fatal: not a git repository (or any parent up to mount point /)
Stopping at filesystem boundary (GIT_DISCOVERY_ACROSS_FILESYSTEM not set).
2024-07-22 17:39:04.621 [info] > git config --get commit.template [3ms]
2024-07-22 17:39:04.626 [info] > git rev-parse --show-toplevel [3ms]
2024-07-22 17:39:04.626 [info] fatal: not a git repository (or any parent up to mount point /)
Stopping at filesystem boundary (GIT_DISCOVERY_ACROSS_FILESYSTEM not set).
2024-07-22 17:39:04.629 [info] > git for-each-ref --format=%(refname)%00%(upstream:short)%00%(objectname)%00%(upstream:track)%00%(upstream:remotename)%00%(upstream:remoteref) refs/heads/master refs/remotes/master [3ms]
2024-07-22 17:39:04.629 [info] > git rev-parse --show-toplevel [0ms]
2024-07-22 17:39:04.629 [info] fatal: not a git repository (or any parent up to mount point /)
Stopping at filesystem boundary (GIT_DISCOVERY_ACROSS_FILESYSTEM not set).
2024-07-22 17:39:04.645 [info] > git rev-parse --show-toplevel [13ms]
2024-07-22 17:39:04.645 [info] fatal: not a git repository (or any parent up to mount point /)
Stopping at filesystem boundary (GIT_DISCOVERY_ACROSS_FILESYSTEM not set).
2024-07-22 17:39:04.654 [info] > git status -z -uall [10ms]
2024-07-22 17:39:04.662 [info] > git for-each-ref --format=%(refname)%00%(upstream:short)%00%(objectname)%00%(upstream:track)%00%(upstream:remotename)%00%(upstream:remoteref) refs/heads/master refs/remotes/master [5ms]
2024-07-22 17:39:04.665 [info] > git rev-parse --show-toplevel [12ms]
2024-07-22 17:39:04.665 [info] fatal: not a git repository (or any parent up to mount point /)
Stopping at filesystem boundary (GIT_DISCOVERY_ACROSS_FILESYSTEM not set).
2024-07-22 17:39:04.668 [info] > git config --local branch.master.vscode-merge-base [3ms]
2024-07-22 17:39:04.668 [warning] git config failed: Failed to execute git
2024-07-22 17:39:04.671 [info] > git config --get commit.template [9ms]
2024-07-22 17:39:04.671 [info] > git rev-parse --show-toplevel [3ms]
2024-07-22 17:39:04.671 [info] fatal: not a git repository (or any parent up to mount point /)
Stopping at filesystem boundary (GIT_DISCOVERY_ACROSS_FILESYSTEM not set).
2024-07-22 17:39:04.695 [info] > git reflog master --grep-reflog=branch: Created from *. [24ms]
2024-07-22 17:39:04.699 [info] > git for-each-ref --format=%(refname)%00%(upstream:short)%00%(objectname)%00%(upstream:track)%00%(upstream:remotename)%00%(upstream:remoteref) refs/heads/origin/master refs/remotes/origin/master [2ms]
2024-07-22 17:39:04.701 [info] > git rev-parse --show-toplevel [7ms]
2024-07-22 17:39:04.701 [info] fatal: not a git repository (or any parent up to mount point /)
Stopping at filesystem boundary (GIT_DISCOVERY_ACROSS_FILESYSTEM not set).
2024-07-22 17:39:04.701 [info] > git for-each-ref --format=%(refname)%00%(upstream:short)%00%(objectname)%00%(upstream:track)%00%(upstream:remotename)%00%(upstream:remoteref) refs/heads/master refs/remotes/master [9ms]
2024-07-22 17:39:04.705 [info] > git rev-parse --show-toplevel [1ms]
2024-07-22 17:39:04.705 [info] fatal: not a git repository (or any parent up to mount point /)
Stopping at filesystem boundary (GIT_DISCOVERY_ACROSS_FILESYSTEM not set).
2024-07-22 17:39:04.705 [info] > git symbolic-ref --short refs/remotes/origin/HEAD [4ms]
2024-07-22 17:39:04.705 [info] fatal: ref refs/remotes/origin/HEAD is not a symbolic ref
2024-07-22 17:39:04.713 [info] > git merge-base refs/heads/master refs/remotes/origin/master [6ms]
2024-07-22 17:39:04.716 [info] > git rev-parse --show-toplevel [6ms]
2024-07-22 17:39:04.716 [info] fatal: not a git repository (or any parent up to mount point /)
Stopping at filesystem boundary (GIT_DISCOVERY_ACROSS_FILESYSTEM not set).
2024-07-22 17:39:04.719 [info] > git status -z -uall [7ms]
2024-07-22 17:39:04.719 [info] > git rev-list --count --left-right refs/heads/master...refs/remotes/origin/master [3ms]
2024-07-22 17:39:04.722 [info] > git rev-parse --show-toplevel [3ms]
2024-07-22 17:39:04.722 [info] fatal: not a git repository (or any parent up to mount point /)
Stopping at filesystem boundary (GIT_DISCOVERY_ACROSS_FILESYSTEM not set).
2024-07-22 17:39:04.729 [info] > git for-each-ref --format=%(refname)%00%(upstream:short)%00%(objectname)%00%(upstream:track)%00%(upstream:remotename)%00%(upstream:remoteref) refs/heads/master refs/remotes/master [4ms]
2024-07-22 17:39:04.732 [info] > git diff --name-status -z --diff-filter=ADMR be10a9127731e7c6a9a57f8c8c1789e233117ae9...refs/remotes/origin/master [11ms]
2024-07-22 17:39:04.733 [info] > git rev-parse --show-toplevel [5ms]
2024-07-22 17:39:04.733 [info] fatal: not a git repository (or any parent up to mount point /)
Stopping at filesystem boundary (GIT_DISCOVERY_ACROSS_FILESYSTEM not set).
2024-07-22 17:39:04.735 [info] > git config --local branch.master.vscode-merge-base [3ms]
2024-07-22 17:39:04.735 [warning] git config failed: Failed to execute git
2024-07-22 17:39:04.737 [info] > git rev-parse --show-toplevel [2ms]
2024-07-22 17:39:04.740 [info] > git reflog master --grep-reflog=branch: Created from *. [3ms]
2024-07-22 17:39:04.743 [info] > git rev-parse --git-dir --git-common-dir [3ms]
2024-07-22 17:39:04.745 [info] Open repository: /home/sam/Git
2024-07-22 17:39:04.750 [info] > git for-each-ref --format=%(refname)%00%(upstream:short)%00%(objectname)%00%(upstream:track)%00%(upstream:remotename)%00%(upstream:remoteref) refs/heads/origin/master refs/remotes/origin/master [8ms]
2024-07-22 17:39:04.753 [info] > git rev-parse --show-toplevel [3ms]
2024-07-22 17:39:04.753 [info] fatal: not a git repository (or any parent up to mount point /)
Stopping at filesystem boundary (GIT_DISCOVERY_ACROSS_FILESYSTEM not set).
2024-07-22 17:39:04.753 [info] > git config --get commit.template [5ms]
2024-07-22 17:39:04.757 [info] > git symbolic-ref --short refs/remotes/origin/HEAD [5ms]
2024-07-22 17:39:04.757 [info] fatal: ref refs/remotes/origin/HEAD is not a symbolic ref
2024-07-22 17:39:04.759 [info] > git rev-parse --show-toplevel [2ms]
2024-07-22 17:39:04.759 [info] fatal: not a git repository (or any parent up to mount point /)
Stopping at filesystem boundary (GIT_DISCOVERY_ACROSS_FILESYSTEM not set).
2024-07-22 17:39:04.762 [info] > git for-each-ref --format=%(refname)%00%(upstream:short)%00%(objectname)%00%(upstream:track)%00%(upstream:remotename)%00%(upstream:remoteref) refs/heads/next refs/remotes/next [2ms]
2024-07-22 17:39:04.764 [warning] ENOENT: no such file or directory, open '/home/sam/Git/.git/refs/remotes/origin/next'
2024-07-22 17:39:04.764 [info] > git rev-parse --show-toplevel [3ms]
2024-07-22 17:39:04.764 [info] fatal: not a git repository (or any parent up to mount point /)
Stopping at filesystem boundary (GIT_DISCOVERY_ACROSS_FILESYSTEM not set).
2024-07-22 17:39:04.766 [info] > git rev-parse refs/remotes/origin/next [2ms]
2024-07-22 17:39:04.769 [info] > git rev-parse --show-toplevel [3ms]
2024-07-22 17:39:04.769 [info] fatal: not a git repository (or any parent up to mount point /)
Stopping at filesystem boundary (GIT_DISCOVERY_ACROSS_FILESYSTEM not set).
2024-07-22 17:39:04.771 [info] > git status -z -uall [3ms]
2024-07-22 17:39:04.784 [info] > git for-each-ref --format=%(refname)%00%(upstream:short)%00%(objectname)%00%(upstream:track)%00%(upstream:remotename)%00%(upstream:remoteref) refs/heads/next refs/remotes/next [9ms]
2024-07-22 17:39:04.787 [info] > git rev-parse --show-toplevel [16ms]
2024-07-22 17:39:04.787 [info] fatal: not a git repository (or any parent up to mount point /)
Stopping at filesystem boundary (GIT_DISCOVERY_ACROSS_FILESYSTEM not set).
2024-07-22 17:39:04.790 [info] > git config --get commit.template [6ms]
2024-07-22 17:39:04.791 [info] > git rev-parse --show-toplevel [2ms]
2024-07-22 17:39:04.791 [info] fatal: not a git repository (or any parent up to mount point /)
Stopping at filesystem boundary (GIT_DISCOVERY_ACROSS_FILESYSTEM not set).
2024-07-22 17:39:04.791 [info] > git config --local branch.next.vscode-merge-base [4ms]
2024-07-22 17:39:04.791 [warning] git config failed: Failed to execute git
2024-07-22 17:39:04.798 [info] > git for-each-ref --format=%(refname)%00%(upstream:short)%00%(objectname)%00%(upstream:track)%00%(upstream:remotename)%00%(upstream:remoteref) refs/heads/next refs/remotes/next [2ms]
2024-07-22 17:39:04.798 [info] > git reflog next --grep-reflog=branch: Created from *. [4ms]
2024-07-22 17:39:04.802 [warning] ENOENT: no such file or directory, open '/home/sam/Git/.git/refs/remotes/origin/next'
2024-07-22 17:39:04.803 [info] > git rev-parse --show-toplevel [5ms]
2024-07-22 17:39:04.803 [info] fatal: not a git repository (or any parent up to mount point /)
Stopping at filesystem boundary (GIT_DISCOVERY_ACROSS_FILESYSTEM not set).
2024-07-22 17:39:04.803 [info] > git symbolic-ref --short refs/remotes/origin/HEAD [3ms]
2024-07-22 17:39:04.805 [info] > git rev-parse refs/remotes/origin/next [3ms]
2024-07-22 17:39:04.808 [info] > git for-each-ref --format=%(refname)%00%(upstream:short)%00%(objectname)%00%(upstream:track)%00%(upstream:remotename)%00%(upstream:remoteref) refs/heads/origin/next refs/remotes/origin/next [3ms]
2024-07-22 17:39:04.811 [info] > git status -z -uall [3ms]
2024-07-22 17:39:04.817 [info] > git for-each-ref --format=%(refname)%00%(upstream:short)%00%(objectname)%00%(upstream:track)%00%(upstream:remotename)%00%(upstream:remoteref) refs/heads/next refs/remotes/next [3ms]
2024-07-22 17:39:04.820 [info] > git config --local branch.next.vscode-merge-base origin/next [10ms]
2024-07-22 17:39:04.825 [info] > git config --get commit.template [2ms]
2024-07-22 17:39:04.825 [info] > git config --local branch.next.vscode-merge-base [5ms]
2024-07-22 17:39:04.829 [info] > git for-each-ref --format=%(refname)%00%(upstream:short)%00%(objectname)%00%(upstream:track)%00%(upstream:remotename)%00%(upstream:remoteref) refs/heads/origin/next refs/remotes/origin/next [2ms]
2024-07-22 17:39:04.832 [info] > git for-each-ref --format=%(refname)%00%(upstream:short)%00%(objectname)%00%(upstream:track)%00%(upstream:remotename)%00%(upstream:remoteref) refs/heads/next refs/remotes/next [3ms]
2024-07-22 17:39:04.834 [warning] ENOENT: no such file or directory, open '/home/sam/Git/.git/refs/remotes/origin/next'
2024-07-22 17:39:04.835 [info] > git merge-base refs/heads/next refs/remotes/origin/next [3ms]
2024-07-22 17:39:04.837 [info] > git rev-parse refs/remotes/origin/next [3ms]
2024-07-22 17:39:04.840 [info] > git rev-list --count --left-right refs/heads/next...refs/remotes/origin/next [3ms]
2024-07-22 17:39:04.843 [info] > git status -z -uall [3ms]
2024-07-22 17:39:04.867 [info] > git for-each-ref --format=%(refname)%00%(upstream:short)%00%(objectname)%00%(upstream:track)%00%(upstream:remotename)%00%(upstream:remoteref) refs/heads/next refs/remotes/next [21ms]
2024-07-22 17:39:04.870 [info] > git diff --name-status -z --diff-filter=ADMR 836fc5922a3221ed1edbdaf5f1b642696f622cdf...refs/remotes/origin/next [28ms]
2024-07-22 17:39:04.872 [info] > git config --local branch.next.vscode-merge-base [2ms]
2024-07-22 17:39:04.876 [info] > git for-each-ref --format=%(refname)%00%(upstream:short)%00%(objectname)%00%(upstream:track)%00%(upstream:remotename)%00%(upstream:remoteref) refs/heads/origin/next refs/remotes/origin/next [1ms]
2024-07-22 17:39:05.261 [info] > git check-ignore -v -z --stdin [4ms]
2024-07-22 17:39:05.261 [info] > git check-ignore -v -z --stdin [1ms]
