2024-07-22 20:53:20.322 [info] Added views:workbench.panel.markers.view in workbench.panel.markers
2024-07-22 20:53:20.322 [info] Added views:workbench.panel.output in workbench.panel.output
2024-07-22 20:53:20.322 [info] Added views:terminal in terminal
2024-07-22 20:53:20.322 [info] Added views:outline in workbench.view.explorer
2024-07-22 20:53:20.322 [info] Added views:workbench.scm in workbench.view.scm
2024-07-22 20:53:20.322 [info] Added views:workbench.view.search in workbench.view.search
2024-07-22 20:53:20.322 [info] Added views:timeline in workbench.view.explorer
2024-07-22 20:53:20.322 [info] Added views:workbench.explorer.fileView in workbench.view.explorer
2024-07-22 20:53:20.586 [info] Added views:workbench.debug.welcome in workbench.view.debug
2024-07-22 20:53:20.742 [info] Added views:workbench.panel.repl.view in workbench.panel.repl
2024-07-22 20:53:20.769 [info] Added views:~remote.forwardedPorts in ~remote.forwardedPortsContainer
2024-07-22 20:55:46.054 [info] Added views:workbench.views.extensions.installed,workbench.views.extensions.popular,extensions.recommendedList in workbench.view.extensions
2024-07-22 20:55:46.057 [info] Removed views:workbench.views.extensions.popular from workbench.view.extensions
2024-07-22 20:55:46.195 [info] Added views:workbench.views.extensions.popular in workbench.view.extensions
2024-07-22 20:55:50.326 [info] Removed views:extensions.recommendedList,workbench.views.extensions.popular,workbench.views.extensions.installed from workbench.view.extensions
2024-07-22 20:55:50.332 [info] Added views:workbench.views.extensions.marketplace in workbench.view.extensions
2024-07-22 20:56:44.851 [info] Removed views:workbench.views.extensions.marketplace from workbench.view.extensions
2024-07-22 20:56:44.866 [info] Added views:workbench.views.extensions.installed,workbench.views.extensions.popular,extensions.recommendedList in workbench.view.extensions
2024-07-22 20:56:48.525 [info] Removed views:extensions.recommendedList,workbench.views.extensions.popular,workbench.views.extensions.installed from workbench.view.extensions
2024-07-22 20:56:48.532 [info] Added views:workbench.views.extensions.marketplace in workbench.view.extensions
