2024-07-22 17:38:45.960 [info] Added views:workbench.panel.markers.view in workbench.panel.markers
2024-07-22 17:38:45.960 [info] Added views:workbench.panel.output in workbench.panel.output
2024-07-22 17:38:45.960 [info] Added views:terminal in terminal
2024-07-22 17:38:45.960 [info] Added views:outline in workbench.view.explorer
2024-07-22 17:38:45.960 [info] Added views:workbench.scm in workbench.view.scm
2024-07-22 17:38:45.960 [info] Added views:workbench.view.search in workbench.view.search
2024-07-22 17:38:45.960 [info] Added views:timeline in workbench.view.explorer
2024-07-22 17:38:45.960 [info] Added views:workbench.explorer.emptyView in workbench.view.explorer
2024-07-22 17:38:46.251 [info] Added views:workbench.debug.variablesView,workbench.debug.watchExpressionsView,workbench.debug.callStackView,workbench.debug.breakPointsView in workbench.view.debug
2024-07-22 17:38:46.270 [info] Added views:workbench.panel.repl.view in workbench.panel.repl
2024-07-22 17:38:46.270 [info] Removed views:workbench.debug.breakPointsView,workbench.debug.callStackView,workbench.debug.watchExpressionsView,workbench.debug.variablesView from workbench.view.debug
2024-07-22 17:38:46.272 [info] Added views:workbench.debug.welcome in workbench.view.debug
2024-07-22 17:38:46.336 [info] Added views:~remote.forwardedPorts in ~remote.forwardedPortsContainer
2024-07-22 17:39:01.890 [info] Added views:workbench.panel.markers.view in workbench.panel.markers
2024-07-22 17:39:01.890 [info] Added views:workbench.panel.output in workbench.panel.output
2024-07-22 17:39:01.890 [info] Added views:terminal in terminal
2024-07-22 17:39:01.890 [info] Added views:outline in workbench.view.explorer
2024-07-22 17:39:01.890 [info] Added views:workbench.scm in workbench.view.scm
2024-07-22 17:39:01.890 [info] Added views:workbench.view.search in workbench.view.search
2024-07-22 17:39:01.890 [info] Added views:timeline in workbench.view.explorer
2024-07-22 17:39:01.890 [info] Added views:workbench.explorer.fileView in workbench.view.explorer
2024-07-22 17:39:02.118 [info] Added views:workbench.debug.variablesView,workbench.debug.watchExpressionsView,workbench.debug.callStackView,workbench.debug.breakPointsView in workbench.view.debug
2024-07-22 17:39:02.219 [info] Added views:workbench.panel.repl.view in workbench.panel.repl
2024-07-22 17:39:02.220 [info] Removed views:workbench.debug.breakPointsView,workbench.debug.callStackView,workbench.debug.watchExpressionsView,workbench.debug.variablesView from workbench.view.debug
2024-07-22 17:39:02.220 [info] Added views:workbench.debug.welcome in workbench.view.debug
2024-07-22 17:39:02.243 [info] Added views:~remote.forwardedPorts in ~remote.forwardedPortsContainer
2024-07-22 17:39:08.254 [info] Added views:workbench.views.extensions.installed,workbench.views.extensions.popular,extensions.recommendedList in workbench.view.extensions
2024-07-22 17:39:08.255 [info] Removed views:workbench.views.extensions.popular from workbench.view.extensions
2024-07-22 17:39:08.333 [info] Added views:workbench.views.extensions.popular in workbench.view.extensions
