2024-07-22 20:55:53.489 [info] Getting Manifest... asvetliakov.vscode-neovim
2024-07-22 20:55:53.559 [info] Installing extension: asvetliakov.vscode-neovim {"isMachineScoped":false,"installPreReleaseVersion":false,"pinned":false,"profileLocation":{"$mid":1,"external":"vscode-userdata:/home/sam/.vscode-oss/extensions/extensions.json","path":"/home/sam/.vscode-oss/extensions/extensions.json","scheme":"vscode-userdata"},"installOnlyNewlyAddedFromExtensionPack":true,"isApplicationScoped":false,"productVersion":{"version":"1.91.1","date":"2024-07-11T18:37:10.462Z"}}
2024-07-22 20:55:54.161 [info] Extracted extension to file:///home/sam/.vscode-oss/extensions/asvetliakov.vscode-neovim-1.18.5-universal: asvetliakov.vscode-neovim
2024-07-22 20:55:54.198 [info] Renamed to /home/sam/.vscode-oss/extensions/asvetliakov.vscode-neovim-1.18.5-universal
2024-07-22 20:55:54.214 [info] Extension installed successfully: asvetliakov.vscode-neovim vscode-userdata:/home/sam/.vscode-oss/extensions/extensions.json
2024-07-22 20:55:54.280 [error] [uncaught exception in sharedProcess]: Error: ENOENT: no such file or directory, stat '/home/sam/.vscode-oss/extensions/extensions.json.vsctmp': EntryNotFound (FileSystemError): Error: ENOENT: no such file or directory, stat '/home/sam/.vscode-oss/extensions/extensions.json.vsctmp'
    at u.create (/opt/vscodium-bin/resources/app/out/vs/code/node/sharedProcess/sharedProcessMain.js:54:22080)
    at d (/opt/vscodium-bin/resources/app/out/vs/code/node/sharedProcess/sharedProcessMain.js:54:22210)
    at R.toFileSystemProviderError (/opt/vscodium-bin/resources/app/out/vs/code/node/sharedProcess/sharedProcessMain.js:59:47900)
    at R.stat (/opt/vscodium-bin/resources/app/out/vs/code/node/sharedProcess/sharedProcessMain.js:59:38403)
    at async s.stat (/opt/vscodium-bin/resources/app/out/vs/code/node/sharedProcess/sharedProcessMain.js:59:19760)
    at async z.onDidFilesChange (/opt/vscodium-bin/resources/app/out/vs/code/node/sharedProcess/sharedProcessMain.js:105:146943)
2024-07-22 20:56:54.046 [info] Getting Manifest... jdinhlife.gruvbox
2024-07-22 20:56:54.111 [info] Installing extension: jdinhlife.gruvbox {"isMachineScoped":false,"installPreReleaseVersion":false,"pinned":false,"profileLocation":{"$mid":1,"external":"vscode-userdata:/home/sam/.vscode-oss/extensions/extensions.json","path":"/home/sam/.vscode-oss/extensions/extensions.json","scheme":"vscode-userdata"},"installOnlyNewlyAddedFromExtensionPack":true,"isApplicationScoped":false,"productVersion":{"version":"1.91.1","date":"2024-07-11T18:37:10.462Z"}}
2024-07-22 20:56:54.549 [info] Extracted extension to file:///home/sam/.vscode-oss/extensions/jdinhlife.gruvbox-1.19.1-universal: jdinhlife.gruvbox
2024-07-22 20:56:54.578 [info] Renamed to /home/sam/.vscode-oss/extensions/jdinhlife.gruvbox-1.19.1-universal
2024-07-22 20:56:54.592 [info] Extension installed successfully: jdinhlife.gruvbox vscode-userdata:/home/sam/.vscode-oss/extensions/extensions.json
2024-07-22 20:56:54.658 [error] [uncaught exception in sharedProcess]: Error: ENOENT: no such file or directory, stat '/home/sam/.vscode-oss/extensions/extensions.json.vsctmp': EntryNotFound (FileSystemError): Error: ENOENT: no such file or directory, stat '/home/sam/.vscode-oss/extensions/extensions.json.vsctmp'
    at u.create (/opt/vscodium-bin/resources/app/out/vs/code/node/sharedProcess/sharedProcessMain.js:54:22080)
    at d (/opt/vscodium-bin/resources/app/out/vs/code/node/sharedProcess/sharedProcessMain.js:54:22210)
    at R.toFileSystemProviderError (/opt/vscodium-bin/resources/app/out/vs/code/node/sharedProcess/sharedProcessMain.js:59:47900)
    at R.stat (/opt/vscodium-bin/resources/app/out/vs/code/node/sharedProcess/sharedProcessMain.js:59:38403)
    at async s.stat (/opt/vscodium-bin/resources/app/out/vs/code/node/sharedProcess/sharedProcessMain.js:59:19760)
    at async z.onDidFilesChange (/opt/vscodium-bin/resources/app/out/vs/code/node/sharedProcess/sharedProcessMain.js:105:146943)
