2024-07-22 21:05:39.127 [info] Log level: Info
2024-07-22 21:05:39.127 [info] Validating found git in: "git"
2024-07-22 21:05:39.127 [info] Using git "2.45.2" from "git"
2024-07-22 21:05:39.127 [info] > git rev-parse --show-toplevel [3ms]
2024-07-22 21:05:39.127 [info] fatal: not a git repository (or any parent up to mount point /)
Stopping at filesystem boundary (GIT_DISCOVERY_ACROSS_FILESYSTEM not set).
2024-07-22 21:05:39.127 [info] > git rev-parse --show-toplevel [2ms]
2024-07-22 21:05:39.127 [info] fatal: not a git repository (or any parent up to mount point /)
Stopping at filesystem boundary (GIT_DISCOVERY_ACROSS_FILESYSTEM not set).
2024-07-22 21:05:39.127 [info] > git rev-parse --show-toplevel [1ms]
2024-07-22 21:05:39.127 [info] fatal: not a git repository (or any parent up to mount point /)
Stopping at filesystem boundary (GIT_DISCOVERY_ACROSS_FILESYSTEM not set).
2024-07-22 21:05:39.177 [info] > git rev-parse --show-toplevel [2ms]
2024-07-22 21:05:39.177 [info] fatal: not a git repository (or any parent up to mount point /)
Stopping at filesystem boundary (GIT_DISCOVERY_ACROSS_FILESYSTEM not set).
2024-07-22 21:05:39.182 [info] > git rev-parse --show-toplevel [1ms]
2024-07-22 21:05:39.182 [info] fatal: not a git repository (or any parent up to mount point /)
Stopping at filesystem boundary (GIT_DISCOVERY_ACROSS_FILESYSTEM not set).
2024-07-22 21:05:39.187 [info] > git rev-parse --show-toplevel [2ms]
2024-07-22 21:05:39.187 [info] fatal: not a git repository (or any parent up to mount point /)
Stopping at filesystem boundary (GIT_DISCOVERY_ACROSS_FILESYSTEM not set).
2024-07-22 21:05:39.191 [info] > git rev-parse --show-toplevel [1ms]
2024-07-22 21:05:39.191 [info] fatal: not a git repository (or any parent up to mount point /)
Stopping at filesystem boundary (GIT_DISCOVERY_ACROSS_FILESYSTEM not set).
2024-07-22 21:05:39.194 [info] > git rev-parse --show-toplevel [0ms]
2024-07-22 21:05:39.194 [info] fatal: not a git repository (or any parent up to mount point /)
Stopping at filesystem boundary (GIT_DISCOVERY_ACROSS_FILESYSTEM not set).
2024-07-22 21:05:39.198 [info] > git rev-parse --show-toplevel [1ms]
2024-07-22 21:05:39.198 [info] fatal: not a git repository (or any parent up to mount point /)
Stopping at filesystem boundary (GIT_DISCOVERY_ACROSS_FILESYSTEM not set).
2024-07-22 21:05:39.202 [info] > git rev-parse --show-toplevel [1ms]
2024-07-22 21:05:39.202 [info] fatal: not a git repository (or any parent up to mount point /)
Stopping at filesystem boundary (GIT_DISCOVERY_ACROSS_FILESYSTEM not set).
2024-07-22 21:05:39.205 [info] > git rev-parse --show-toplevel [1ms]
2024-07-22 21:05:39.205 [info] fatal: not a git repository (or any parent up to mount point /)
Stopping at filesystem boundary (GIT_DISCOVERY_ACROSS_FILESYSTEM not set).
2024-07-22 21:05:39.209 [info] > git rev-parse --show-toplevel [1ms]
2024-07-22 21:05:39.209 [info] fatal: not a git repository (or any parent up to mount point /)
Stopping at filesystem boundary (GIT_DISCOVERY_ACROSS_FILESYSTEM not set).
2024-07-22 21:05:39.212 [info] > git rev-parse --show-toplevel [1ms]
2024-07-22 21:05:39.212 [info] fatal: not a git repository (or any parent up to mount point /)
Stopping at filesystem boundary (GIT_DISCOVERY_ACROSS_FILESYSTEM not set).
2024-07-22 21:05:39.232 [info] > git rev-parse --show-toplevel [18ms]
2024-07-22 21:05:39.232 [info] fatal: not a git repository (or any parent up to mount point /)
Stopping at filesystem boundary (GIT_DISCOVERY_ACROSS_FILESYSTEM not set).
2024-07-22 21:05:39.242 [info] > git rev-parse --show-toplevel [6ms]
2024-07-22 21:05:39.243 [info] fatal: not a git repository (or any parent up to mount point /)
Stopping at filesystem boundary (GIT_DISCOVERY_ACROSS_FILESYSTEM not set).
2024-07-22 21:05:39.246 [info] > git rev-parse --show-toplevel [1ms]
2024-07-22 21:05:39.246 [info] fatal: not a git repository (or any parent up to mount point /)
Stopping at filesystem boundary (GIT_DISCOVERY_ACROSS_FILESYSTEM not set).
2024-07-22 21:05:39.250 [info] > git rev-parse --show-toplevel [1ms]
2024-07-22 21:05:39.254 [info] > git rev-parse --git-dir --git-common-dir [1ms]
2024-07-22 21:05:39.260 [info] Open repository: /home/sam/.oh-my-zsh
2024-07-22 21:05:39.266 [info] > git config --get commit.template [3ms]
2024-07-22 21:05:39.267 [info] > git rev-parse --show-toplevel [1ms]
2024-07-22 21:05:39.267 [info] fatal: not a git repository (or any parent up to mount point /)
Stopping at filesystem boundary (GIT_DISCOVERY_ACROSS_FILESYSTEM not set).
2024-07-22 21:05:39.273 [info] > git for-each-ref --format=%(refname)%00%(upstream:short)%00%(objectname)%00%(upstream:track)%00%(upstream:remotename)%00%(upstream:remoteref) refs/heads/master refs/remotes/master [3ms]
2024-07-22 21:05:39.274 [info] > git rev-parse --show-toplevel [0ms]
2024-07-22 21:05:39.274 [info] fatal: not a git repository (or any parent up to mount point /)
Stopping at filesystem boundary (GIT_DISCOVERY_ACROSS_FILESYSTEM not set).
2024-07-22 21:05:39.280 [info] > git rev-parse --show-toplevel [4ms]
2024-07-22 21:05:39.280 [info] fatal: not a git repository (or any parent up to mount point /)
Stopping at filesystem boundary (GIT_DISCOVERY_ACROSS_FILESYSTEM not set).
2024-07-22 21:05:39.284 [info] > git rev-parse --show-toplevel [1ms]
2024-07-22 21:05:39.284 [info] fatal: not a git repository (or any parent up to mount point /)
Stopping at filesystem boundary (GIT_DISCOVERY_ACROSS_FILESYSTEM not set).
2024-07-22 21:05:39.287 [info] > git status -z -uall [7ms]
2024-07-22 21:05:39.296 [info] > git for-each-ref --format=%(refname)%00%(upstream:short)%00%(objectname)%00%(upstream:track)%00%(upstream:remotename)%00%(upstream:remoteref) refs/heads/master refs/remotes/master [6ms]
2024-07-22 21:05:39.299 [info] > git rev-parse --show-toplevel [13ms]
2024-07-22 21:05:39.299 [info] fatal: not a git repository (or any parent up to mount point /)
Stopping at filesystem boundary (GIT_DISCOVERY_ACROSS_FILESYSTEM not set).
2024-07-22 21:05:39.303 [info] > git config --local branch.master.vscode-merge-base [4ms]
2024-07-22 21:05:39.303 [warning] git config failed: Failed to execute git
2024-07-22 21:05:39.306 [info] > git config --get commit.template [10ms]
2024-07-22 21:05:39.309 [info] > git rev-parse --show-toplevel [6ms]
2024-07-22 21:05:39.309 [info] fatal: not a git repository (or any parent up to mount point /)
Stopping at filesystem boundary (GIT_DISCOVERY_ACROSS_FILESYSTEM not set).
2024-07-22 21:05:39.315 [info] > git reflog master --grep-reflog=branch: Created from *. [9ms]
2024-07-22 21:05:39.319 [info] > git for-each-ref --format=%(refname)%00%(upstream:short)%00%(objectname)%00%(upstream:track)%00%(upstream:remotename)%00%(upstream:remoteref) refs/heads/origin/master refs/remotes/origin/master [1ms]
2024-07-22 21:05:39.322 [info] > git rev-parse --show-toplevel [7ms]
2024-07-22 21:05:39.322 [info] fatal: not a git repository (or any parent up to mount point /)
Stopping at filesystem boundary (GIT_DISCOVERY_ACROSS_FILESYSTEM not set).
2024-07-22 21:05:39.322 [info] > git for-each-ref --format=%(refname)%00%(upstream:short)%00%(objectname)%00%(upstream:track)%00%(upstream:remotename)%00%(upstream:remoteref) refs/heads/master refs/remotes/master [9ms]
2024-07-22 21:05:39.325 [info] > git symbolic-ref --short refs/remotes/origin/HEAD [3ms]
2024-07-22 21:05:39.325 [info] fatal: ref refs/remotes/origin/HEAD is not a symbolic ref
2024-07-22 21:05:39.328 [info] > git rev-parse --show-toplevel [3ms]
2024-07-22 21:05:39.328 [info] fatal: not a git repository (or any parent up to mount point /)
Stopping at filesystem boundary (GIT_DISCOVERY_ACROSS_FILESYSTEM not set).
2024-07-22 21:05:39.333 [info] > git merge-base refs/heads/master refs/remotes/origin/master [5ms]
2024-07-22 21:05:39.339 [info] > git rev-parse --show-toplevel [6ms]
2024-07-22 21:05:39.339 [info] fatal: not a git repository (or any parent up to mount point /)
Stopping at filesystem boundary (GIT_DISCOVERY_ACROSS_FILESYSTEM not set).
2024-07-22 21:05:39.352 [info] > git status -z -uall [13ms]
2024-07-22 21:05:39.358 [info] > git rev-list --count --left-right refs/heads/master...refs/remotes/origin/master [22ms]
2024-07-22 21:05:39.363 [info] > git diff --name-status -z --diff-filter=ADMR be10a9127731e7c6a9a57f8c8c1789e233117ae9...refs/remotes/origin/master [2ms]
2024-07-22 21:05:39.363 [info] > git for-each-ref --format=%(refname)%00%(upstream:short)%00%(objectname)%00%(upstream:track)%00%(upstream:remotename)%00%(upstream:remoteref) refs/heads/master refs/remotes/master [6ms]
2024-07-22 21:05:39.366 [info] > git rev-parse --show-toplevel [14ms]
2024-07-22 21:05:39.366 [info] fatal: not a git repository (or any parent up to mount point /)
Stopping at filesystem boundary (GIT_DISCOVERY_ACROSS_FILESYSTEM not set).
2024-07-22 21:05:39.369 [info] > git config --local branch.master.vscode-merge-base [3ms]
2024-07-22 21:05:39.369 [warning] git config failed: Failed to execute git
2024-07-22 21:05:39.372 [info] > git rev-parse --show-toplevel [3ms]
2024-07-22 21:05:39.372 [info] fatal: not a git repository (or any parent up to mount point /)
Stopping at filesystem boundary (GIT_DISCOVERY_ACROSS_FILESYSTEM not set).
2024-07-22 21:05:39.375 [info] > git reflog master --grep-reflog=branch: Created from *. [3ms]
2024-07-22 21:05:39.379 [info] > git rev-parse --show-toplevel [4ms]
2024-07-22 21:05:39.381 [info] > git for-each-ref --format=%(refname)%00%(upstream:short)%00%(objectname)%00%(upstream:track)%00%(upstream:remotename)%00%(upstream:remoteref) refs/heads/origin/master refs/remotes/origin/master [3ms]
2024-07-22 21:05:39.385 [info] > git rev-parse --git-dir --git-common-dir [4ms]
2024-07-22 21:05:39.387 [info] Open repository: /home/sam/Git
2024-07-22 21:05:39.393 [info] > git symbolic-ref --short refs/remotes/origin/HEAD [9ms]
2024-07-22 21:05:39.393 [info] fatal: ref refs/remotes/origin/HEAD is not a symbolic ref
2024-07-22 21:05:39.394 [info] > git rev-parse --show-toplevel [1ms]
2024-07-22 21:05:39.394 [info] fatal: not a git repository (or any parent up to mount point /)
Stopping at filesystem boundary (GIT_DISCOVERY_ACROSS_FILESYSTEM not set).
2024-07-22 21:05:39.394 [info] > git config --get commit.template [4ms]
2024-07-22 21:05:39.400 [info] > git rev-parse --show-toplevel [4ms]
2024-07-22 21:05:39.400 [info] fatal: not a git repository (or any parent up to mount point /)
Stopping at filesystem boundary (GIT_DISCOVERY_ACROSS_FILESYSTEM not set).
2024-07-22 21:05:39.403 [info] > git for-each-ref --format=%(refname)%00%(upstream:short)%00%(objectname)%00%(upstream:track)%00%(upstream:remotename)%00%(upstream:remoteref) refs/heads/next refs/remotes/next [4ms]
2024-07-22 21:05:39.405 [warning] ENOENT: no such file or directory, open '/home/sam/Git/.git/refs/remotes/origin/next'
2024-07-22 21:05:39.405 [info] > git rev-parse --show-toplevel [2ms]
2024-07-22 21:05:39.405 [info] fatal: not a git repository (or any parent up to mount point /)
Stopping at filesystem boundary (GIT_DISCOVERY_ACROSS_FILESYSTEM not set).
2024-07-22 21:05:39.408 [info] > git rev-parse refs/remotes/origin/next [3ms]
2024-07-22 21:05:39.411 [info] > git rev-parse --show-toplevel [3ms]
2024-07-22 21:05:39.411 [info] fatal: not a git repository (or any parent up to mount point /)
Stopping at filesystem boundary (GIT_DISCOVERY_ACROSS_FILESYSTEM not set).
2024-07-22 21:05:39.413 [info] > git status -z -uall [3ms]
2024-07-22 21:05:39.427 [info] > git for-each-ref --format=%(refname)%00%(upstream:short)%00%(objectname)%00%(upstream:track)%00%(upstream:remotename)%00%(upstream:remoteref) refs/heads/next refs/remotes/next [9ms]
2024-07-22 21:05:39.430 [info] > git rev-parse --show-toplevel [17ms]
2024-07-22 21:05:39.430 [info] fatal: not a git repository (or any parent up to mount point /)
Stopping at filesystem boundary (GIT_DISCOVERY_ACROSS_FILESYSTEM not set).
2024-07-22 21:05:39.435 [info] > git config --get commit.template [8ms]
2024-07-22 21:05:39.438 [info] > git rev-parse --show-toplevel [5ms]
2024-07-22 21:05:39.438 [info] fatal: not a git repository (or any parent up to mount point /)
Stopping at filesystem boundary (GIT_DISCOVERY_ACROSS_FILESYSTEM not set).
2024-07-22 21:05:39.438 [info] > git config --local branch.next.vscode-merge-base [8ms]
2024-07-22 21:05:39.448 [info] > git rev-parse --show-toplevel [1ms]
2024-07-22 21:05:39.448 [info] fatal: not a git repository (or any parent up to mount point /)
Stopping at filesystem boundary (GIT_DISCOVERY_ACROSS_FILESYSTEM not set).
2024-07-22 21:05:39.449 [info] > git for-each-ref --format=%(refname)%00%(upstream:short)%00%(objectname)%00%(upstream:track)%00%(upstream:remotename)%00%(upstream:remoteref) refs/heads/next refs/remotes/next [3ms]
2024-07-22 21:05:39.449 [info] > git for-each-ref --format=%(refname)%00%(upstream:short)%00%(objectname)%00%(upstream:track)%00%(upstream:remotename)%00%(upstream:remoteref) refs/heads/origin/next refs/remotes/origin/next [8ms]
2024-07-22 21:05:39.456 [warning] ENOENT: no such file or directory, open '/home/sam/Git/.git/refs/remotes/origin/next'
2024-07-22 21:05:39.457 [info] > git rev-parse refs/remotes/origin/next [1ms]
2024-07-22 21:05:39.460 [info] > git rev-parse --show-toplevel [6ms]
2024-07-22 21:05:39.460 [info] fatal: not a git repository (or any parent up to mount point /)
Stopping at filesystem boundary (GIT_DISCOVERY_ACROSS_FILESYSTEM not set).
2024-07-22 21:05:39.460 [info] > git merge-base refs/heads/next refs/remotes/origin/next [8ms]
2024-07-22 21:05:39.466 [info] > git status -z -uall [6ms]
2024-07-22 21:05:39.474 [info] > git for-each-ref --format=%(refname)%00%(upstream:short)%00%(objectname)%00%(upstream:track)%00%(upstream:remotename)%00%(upstream:remoteref) refs/heads/next refs/remotes/next [6ms]
2024-07-22 21:05:39.477 [info] > git rev-parse --show-toplevel [12ms]
2024-07-22 21:05:39.477 [info] fatal: not a git repository (or any parent up to mount point /)
Stopping at filesystem boundary (GIT_DISCOVERY_ACROSS_FILESYSTEM not set).
2024-07-22 21:05:39.477 [info] > git rev-list --count --left-right refs/heads/next...refs/remotes/origin/next [15ms]
2024-07-22 21:05:39.480 [info] > git config --local branch.next.vscode-merge-base [3ms]
2024-07-22 21:05:39.485 [info] > git for-each-ref --format=%(refname)%00%(upstream:short)%00%(objectname)%00%(upstream:track)%00%(upstream:remotename)%00%(upstream:remoteref) refs/heads/origin/next refs/remotes/origin/next [2ms]
2024-07-22 21:05:39.485 [info] > git diff --name-status -z --diff-filter=ADMR 836fc5922a3221ed1edbdaf5f1b642696f622cdf...refs/remotes/origin/next [5ms]
2024-07-22 21:05:39.908 [info] > git check-ignore -v -z --stdin [4ms]
2024-07-22 21:05:39.908 [info] > git check-ignore -v -z --stdin [1ms]
2024-07-22 21:05:41.241 [info] > git rev-parse --show-toplevel [1ms]
2024-07-22 21:05:41.241 [info] fatal: not a git repository (or any parent up to mount point /)
Stopping at filesystem boundary (GIT_DISCOVERY_ACROSS_FILESYSTEM not set).
2024-07-22 21:06:50.459 [info] > git rev-parse --show-toplevel [1ms]
2024-07-22 21:06:50.459 [info] fatal: not a git repository (or any parent up to mount point /)
Stopping at filesystem boundary (GIT_DISCOVERY_ACROSS_FILESYSTEM not set).
2024-07-22 21:06:51.938 [info] > git rev-parse --show-toplevel [1ms]
2024-07-22 21:06:51.938 [info] fatal: not a git repository (or any parent up to mount point /)
Stopping at filesystem boundary (GIT_DISCOVERY_ACROSS_FILESYSTEM not set).
