2024-07-15T20:05:02.592Z 0: 

----------------------------------------------
2024-07-15T20:05:02.610Z 1: Discord starting: {"releaseChannel":"stable","version":"0.0.60"}, modulepath: /home/sam/.config/discord/0.0.60/modules
2024-07-15T20:05:02.623Z 2: ✅ webContents.created web1 "index.html"
2024-07-15T20:05:02.638Z 3: ✅ window.created win1 "discord"
2024-07-15T20:05:02.711Z 4: ✅ webContents.did-finish-load web1
2024-07-15T20:05:06.371Z 5: ✅ webContents.created web2 ""
2024-07-15T20:05:06.386Z 6: ✅ window.created win2 "Discord"
2024-07-15T20:05:06.998Z 7: ✅ webContents.did-finish-load web2
2024-07-15T20:05:07.101Z 8: window.close win1
2024-07-15T20:05:07.112Z 9: webContents.destroyed web1
2024-07-15T20:05:07.119Z 10: window.closed win1
2024-07-15T20:05:43.061Z 11: window.close win2
2024-07-15T20:30:58.944Z 12: before-quit
2024-07-15T20:30:58.980Z 13: window.close win2
2024-07-15T20:30:59.006Z 14: ❌ child-process-gone {
  type: 'Utility',
  reason: 'killed',
  exitCode: 15,
  serviceName: 'network.mojom.NetworkService',
  name: 'Network Service'
}
2024-07-15T20:30:59.023Z 15: ❌ child-process-gone {
  type: 'Utility',
  reason: 'killed',
  exitCode: 15,
  serviceName: 'audio.mojom.AudioService',
  name: 'Audio Service'
}
2024-07-15T20:30:59.032Z 16: ❌ render-process-gone { reason: 'killed', exitCode: 15 }
2024-07-16T00:12:08.331Z 0: 

----------------------------------------------
2024-07-16T00:12:08.352Z 1: Discord starting: {"releaseChannel":"stable","version":"0.0.60"}, modulepath: /home/sam/.config/discord/0.0.60/modules
2024-07-16T00:12:08.406Z 2: ✅ webContents.created web1 ""
2024-07-16T00:12:08.429Z 3: ✅ window.created win1 "discord"
2024-07-16T00:12:09.089Z 4: ✅ webContents.did-finish-load web1
2024-07-16T00:12:09.321Z 5: ✅ webContents.created web2 ""
2024-07-16T00:12:09.333Z 6: ✅ window.created win2 "Discord"
2024-07-16T00:12:10.932Z 7: ✅ webContents.did-finish-load web2
2024-07-16T00:12:11.032Z 8: window.close win1
2024-07-16T00:12:11.044Z 9: webContents.destroyed web1
2024-07-16T00:12:11.055Z 10: window.closed win1
2024-07-16T01:42:07.995Z 11: before-quit
2024-07-16T01:42:08.047Z 12: window.close win2
2024-07-16T01:42:08.066Z 13: ❌ child-process-gone {
  type: 'Utility',
  reason: 'killed',
  exitCode: 15,
  serviceName: 'network.mojom.NetworkService',
  name: 'Network Service'
}
2024-07-16T01:42:08.096Z 14: ❌ child-process-gone {
  type: 'Utility',
  reason: 'killed',
  exitCode: 15,
  serviceName: 'audio.mojom.AudioService',
  name: 'Audio Service'
}
2024-07-16T01:42:08.109Z 15: ❌ render-process-gone { reason: 'killed', exitCode: 15 }
2024-07-16T01:43:03.398Z 0: 

----------------------------------------------
2024-07-16T01:43:03.481Z 1: Discord starting: {"releaseChannel":"stable","version":"0.0.60"}, modulepath: /home/sam/.config/discord/0.0.60/modules
2024-07-16T01:43:03.488Z 2: ✅ webContents.created web1 ""
2024-07-16T01:43:03.495Z 3: ✅ window.created win1 "discord"
2024-07-16T01:43:03.866Z 4: ✅ webContents.did-finish-load web1
2024-07-16T01:43:04.170Z 5: ✅ webContents.created web2 ""
2024-07-16T01:43:04.182Z 6: ✅ window.created win2 "Discord"
2024-07-16T01:43:05.765Z 7: ✅ webContents.did-finish-load web2
2024-07-16T01:43:05.865Z 8: window.close win1
2024-07-16T01:43:05.877Z 9: webContents.destroyed web1
2024-07-16T01:43:05.884Z 10: window.closed win1
2024-07-16T01:43:51.559Z 11: before-quit
2024-07-16T01:44:41.312Z 0: 

----------------------------------------------
2024-07-16T01:44:41.390Z 1: Discord starting: {"releaseChannel":"stable","version":"0.0.60"}, modulepath: /home/sam/.config/discord/0.0.60/modules
2024-07-16T01:44:41.401Z 2: ✅ webContents.created web1 ""
2024-07-16T01:44:41.408Z 3: ✅ window.created win1 "discord"
2024-07-16T01:44:41.629Z 4: ✅ webContents.did-finish-load web1
2024-07-16T01:44:42.183Z 5: ✅ webContents.created web2 ""
2024-07-16T01:44:42.193Z 6: ✅ window.created win2 "Discord"
2024-07-16T01:44:45.196Z 7: ✅ webContents.did-finish-load web2
2024-07-16T01:44:45.296Z 8: window.close win1
2024-07-16T01:44:45.306Z 9: webContents.destroyed web1
2024-07-16T01:44:45.363Z 10: window.closed win1
2024-07-16T01:53:10.859Z 11: before-quit
2024-07-16T01:53:10.886Z 12: window.close win2
2024-07-16T01:53:10.894Z 13: ❌ child-process-gone {
  type: 'Utility',
  reason: 'killed',
  exitCode: 15,
  serviceName: 'network.mojom.NetworkService',
  name: 'Network Service'
}
2024-07-16T01:53:10.905Z 14: ❌ child-process-gone {
  type: 'Utility',
  reason: 'killed',
  exitCode: 15,
  serviceName: 'audio.mojom.AudioService',
  name: 'Audio Service'
}
2024-07-16T01:53:10.915Z 15: ❌ render-process-gone { reason: 'killed', exitCode: 15 }
2024-07-16T01:53:59.617Z 0: 

----------------------------------------------
2024-07-16T01:53:59.899Z 1: Discord starting: {"releaseChannel":"stable","version":"0.0.60"}, modulepath: /home/sam/.config/discord/0.0.60/modules
2024-07-16T01:53:59.927Z 2: ✅ webContents.created web1 ""
2024-07-16T01:53:59.975Z 3: ✅ window.created win1 "discord"
2024-07-16T01:54:00.443Z 4: ✅ webContents.did-finish-load web1
2024-07-16T01:54:00.749Z 5: ✅ webContents.created web2 ""
2024-07-16T01:54:00.779Z 6: ✅ window.created win2 "Discord"
2024-07-16T01:54:02.202Z 7: ✅ webContents.did-finish-load web2
2024-07-16T01:54:02.302Z 8: window.close win1
2024-07-16T01:54:02.316Z 9: webContents.destroyed web1
2024-07-16T01:54:02.323Z 10: window.closed win1
2024-07-16T02:13:52.419Z 11: window.close win2
2024-07-16T02:21:22.150Z 12: window.close win2
2024-07-16T02:21:25.890Z 13: before-quit
2024-07-16T02:21:25.905Z 14: window.close win2
2024-07-16T02:21:25.956Z 15: ❌ child-process-gone {
  type: 'Utility',
  reason: 'killed',
  exitCode: 15,
  serviceName: 'video_capture.mojom.VideoCaptureService',
  name: 'Video Capture'
}
2024-07-16T02:21:25.968Z 16: ❌ child-process-gone {
  type: 'Utility',
  reason: 'killed',
  exitCode: 15,
  serviceName: 'audio.mojom.AudioService',
  name: 'Audio Service'
}
2024-07-16T02:21:25.976Z 17: ❌ child-process-gone {
  type: 'Utility',
  reason: 'killed',
  exitCode: 15,
  serviceName: 'network.mojom.NetworkService',
  name: 'Network Service'
}
2024-07-16T02:21:25.984Z 18: ❌ render-process-gone { reason: 'killed', exitCode: 15 }
2024-07-16T03:58:33.886Z 0: 

----------------------------------------------
2024-07-16T03:58:33.911Z 1: Discord starting: {"releaseChannel":"stable","version":"0.0.60"}, modulepath: /home/sam/.config/discord/0.0.60/modules
2024-07-16T03:58:33.926Z 2: ✅ webContents.created web1 ""
2024-07-16T03:58:33.933Z 3: ✅ window.created win1 "discord"
2024-07-16T03:58:34.543Z 4: ✅ webContents.did-finish-load web1
2024-07-16T03:58:34.692Z 5: ✅ webContents.created web2 ""
2024-07-16T03:58:34.699Z 6: ✅ window.created win2 "Discord"
2024-07-16T03:58:35.880Z 7: ✅ webContents.did-finish-load web2
2024-07-16T03:58:35.980Z 8: window.close win1
2024-07-16T03:58:35.989Z 9: webContents.destroyed web1
2024-07-16T03:58:35.995Z 10: window.closed win1
2024-07-16T03:59:07.774Z 11: window.close win2
2024-07-16T04:19:53.245Z 12: window.close win2
2024-07-16T04:20:00.047Z 13: before-quit
2024-07-16T04:20:00.056Z 14: window.close win2
2024-07-16T04:20:00.094Z 15: webContents.destroyed web2
2024-07-16T16:16:33.749Z 0: 

----------------------------------------------
2024-07-16T16:16:33.804Z 1: Discord starting: {"releaseChannel":"stable","version":"0.0.60"}, modulepath: /home/sam/.config/discord/0.0.60/modules
2024-07-16T16:16:33.843Z 2: ✅ webContents.created web1 ""
2024-07-16T16:16:33.952Z 3: ✅ window.created win1 "discord"
2024-07-16T16:16:34.193Z 4: ✅ webContents.did-finish-load web1
2024-07-16T16:16:34.420Z 5: ✅ webContents.created web2 ""
2024-07-16T16:16:34.435Z 6: ✅ window.created win2 "Discord"
2024-07-16T16:16:35.577Z 7: ✅ webContents.did-finish-load web2
2024-07-16T16:16:35.677Z 8: window.close win1
2024-07-16T16:16:35.686Z 9: webContents.destroyed web1
2024-07-16T16:16:35.692Z 10: window.closed win1
2024-07-16T16:17:20.257Z 11: window.close win2
2024-07-16T16:23:11.885Z 12: before-quit
2024-07-16T16:23:11.895Z 13: window.close win2
2024-07-16T16:23:11.919Z 14: webContents.destroyed web2
2024-07-16T18:10:26.360Z 0: 

----------------------------------------------
2024-07-16T18:10:26.371Z 1: Discord starting: {"releaseChannel":"stable","version":"0.0.60"}, modulepath: /home/sam/.config/discord/0.0.60/modules
2024-07-16T18:10:26.380Z 2: ✅ webContents.created web1 ""
2024-07-16T18:10:26.398Z 3: ✅ window.created win1 "discord"
2024-07-16T18:10:28.651Z 4: ✅ webContents.did-finish-load web1
2024-07-16T18:10:28.962Z 5: ✅ webContents.created web2 ""
2024-07-16T18:10:28.970Z 6: ✅ window.created win2 "Discord"
2024-07-16T18:10:30.165Z 7: ✅ webContents.did-finish-load web2
2024-07-16T18:10:30.264Z 8: window.close win1
2024-07-16T18:10:30.307Z 9: webContents.destroyed web1
2024-07-16T18:10:30.334Z 10: window.closed win1
2024-07-16T18:43:36.328Z 11: before-quit
2024-07-16T18:43:36.336Z 12: window.close win2
2024-07-16T18:43:36.345Z 13: webContents.destroyed web2
2024-07-16T18:43:56.878Z 0: 

----------------------------------------------
2024-07-16T18:43:56.910Z 1: Discord starting: {"releaseChannel":"stable","version":"0.0.60"}, modulepath: /home/sam/.config/discord/0.0.60/modules
2024-07-16T18:43:56.946Z 2: ✅ webContents.created web1 "index.html"
2024-07-16T18:43:56.954Z 3: ✅ window.created win1 "discord"
2024-07-16T18:43:57.070Z 4: ✅ webContents.did-finish-load web1
2024-07-16T18:43:57.277Z 5: ✅ webContents.created web2 ""
2024-07-16T18:43:57.289Z 6: ✅ window.created win2 "Discord"
2024-07-16T18:44:03.399Z 7: ✅ webContents.did-finish-load web2
2024-07-16T18:44:03.498Z 8: window.close win1
2024-07-16T18:44:03.512Z 9: webContents.destroyed web1
2024-07-16T18:44:03.518Z 10: window.closed win1
2024-07-16T19:35:19.099Z 11: window.close win2
2024-07-16T20:03:35.500Z 12: window.close win2
2024-07-16T22:30:37.146Z 13: window.close win2
2024-07-16T22:31:28.749Z 0: 

----------------------------------------------
2024-07-16T22:31:28.782Z 1: Discord starting: {"releaseChannel":"stable","version":"0.0.60"}, modulepath: /home/sam/.config/discord/0.0.60/modules
2024-07-16T22:31:28.810Z 2: ✅ webContents.created web1 "index.html"
2024-07-16T22:31:28.848Z 3: ✅ window.created win1 "discord"
2024-07-16T22:31:29.052Z 4: ✅ webContents.did-finish-load web1
2024-07-16T22:31:29.269Z 5: ✅ webContents.created web2 ""
2024-07-16T22:31:29.296Z 6: ✅ window.created win2 "Discord"
2024-07-16T22:31:30.853Z 7: ✅ webContents.did-finish-load web2
2024-07-16T22:31:30.954Z 8: window.close win1
2024-07-16T22:31:30.965Z 9: webContents.destroyed web1
2024-07-16T22:31:30.972Z 10: window.closed win1
2024-07-16T22:50:37.836Z 0: 

----------------------------------------------
2024-07-16T22:50:37.852Z 1: Discord starting: {"releaseChannel":"stable","version":"0.0.60"}, modulepath: /home/sam/.config/discord/0.0.60/modules
2024-07-16T22:50:37.860Z 2: ✅ webContents.created web1 ""
2024-07-16T22:50:37.867Z 3: ✅ window.created win1 "discord"
2024-07-16T22:50:38.399Z 4: ✅ webContents.did-finish-load web1
2024-07-16T22:50:38.588Z 5: ✅ webContents.created web2 ""
2024-07-16T22:50:38.597Z 6: ✅ window.created win2 "Discord"
2024-07-16T22:50:40.149Z 7: ✅ webContents.did-finish-load web2
2024-07-16T22:50:40.249Z 8: window.close win1
2024-07-16T22:50:40.260Z 9: webContents.destroyed web1
2024-07-16T22:50:40.267Z 10: window.closed win1
2024-07-16T23:01:36.099Z 11: window.close win2
2024-07-16T23:43:09.954Z 0: 

----------------------------------------------
2024-07-16T23:43:16.682Z 12: window.close win2
2024-07-16T23:45:05.141Z 0: 

----------------------------------------------
2024-07-16T23:47:12.228Z 13: window.close win2
2024-07-16T23:47:29.522Z 0: 

----------------------------------------------
2024-07-17T00:58:33.173Z 14: before-quit
2024-07-17T00:58:33.187Z 15: window.close win2
2024-07-17T00:58:33.210Z 16: webContents.destroyed web2
2024-07-17T01:11:08.883Z 0: 

----------------------------------------------
2024-07-17T01:11:08.906Z 1: Discord starting: {"releaseChannel":"stable","version":"0.0.60"}, modulepath: /home/sam/.config/discord/0.0.60/modules
2024-07-17T01:11:08.923Z 2: ✅ webContents.created web1 ""
2024-07-17T01:11:08.930Z 3: ✅ window.created win1 "discord"
2024-07-17T01:11:11.416Z 4: ✅ webContents.did-finish-load web1
2024-07-17T01:11:11.510Z 5: ✅ webContents.created web2 ""
2024-07-17T01:11:11.517Z 6: ✅ window.created win2 "Discord"
2024-07-17T01:11:12.669Z 7: ✅ webContents.did-finish-load web2
2024-07-17T01:11:12.769Z 8: window.close win1
2024-07-17T01:11:12.781Z 9: webContents.destroyed web1
2024-07-17T01:11:12.787Z 10: window.closed win1
2024-07-17T01:11:59.439Z 11: before-quit
2024-07-17T01:11:59.456Z 12: window.close win2
2024-07-17T01:18:45.726Z 0: 

----------------------------------------------
2024-07-17T01:18:45.756Z 1: Discord starting: {"releaseChannel":"stable","version":"0.0.60"}, modulepath: /home/sam/.config/discord/0.0.60/modules
2024-07-17T01:18:45.770Z 2: ✅ webContents.created web1 "index.html"
2024-07-17T01:18:45.784Z 3: ✅ window.created win1 "discord"
2024-07-17T01:18:45.901Z 4: ✅ webContents.did-finish-load web1
2024-07-17T01:18:46.121Z 5: ✅ webContents.created web2 ""
2024-07-17T01:18:46.128Z 6: ✅ window.created win2 "Discord"
2024-07-17T01:18:47.122Z 7: ✅ webContents.did-finish-load web2
2024-07-17T01:18:47.222Z 8: window.close win1
2024-07-17T01:18:47.236Z 9: webContents.destroyed web1
2024-07-17T01:18:47.242Z 10: window.closed win1
2024-07-17T03:38:02.400Z 11: before-quit
2024-07-17T14:24:42.619Z 0: 

----------------------------------------------
2024-07-17T14:24:42.831Z 1: Discord starting: {"releaseChannel":"stable","version":"0.0.60"}, modulepath: /home/sam/.config/discord/0.0.60/modules
2024-07-17T14:24:42.911Z 2: ✅ webContents.created web1 "index.html"
2024-07-17T14:24:43.007Z 3: ✅ window.created win1 "discord"
2024-07-17T14:24:43.193Z 4: ✅ webContents.did-finish-load web1
2024-07-17T14:24:43.620Z 5: ✅ webContents.created web2 ""
2024-07-17T14:24:43.632Z 6: ✅ window.created win2 "Discord"
2024-07-17T14:24:44.842Z 7: ✅ webContents.did-finish-load web2
2024-07-17T14:24:44.941Z 8: window.close win1
2024-07-17T14:24:44.958Z 9: webContents.destroyed web1
2024-07-17T14:24:44.991Z 10: window.closed win1
2024-07-17T14:35:04.607Z 11: before-quit
2024-07-17T14:35:04.626Z 12: window.close win2
2024-07-17T14:35:04.657Z 13: webContents.destroyed web2
2024-07-17T14:46:28.423Z 0: 

----------------------------------------------
2024-07-17T14:46:28.440Z 1: Discord starting: {"releaseChannel":"stable","version":"0.0.60"}, modulepath: /home/sam/.config/discord/0.0.60/modules
2024-07-17T14:46:28.491Z 2: ✅ webContents.created web1 ""
2024-07-17T14:46:28.498Z 3: ✅ window.created win1 "discord"
2024-07-17T14:46:29.041Z 4: ✅ webContents.did-finish-load web1
2024-07-17T14:46:29.188Z 5: ✅ webContents.created web2 ""
2024-07-17T14:46:29.197Z 6: ✅ window.created win2 "Discord"
2024-07-17T14:46:30.397Z 7: ✅ webContents.did-finish-load web2
2024-07-17T14:46:30.497Z 8: window.close win1
2024-07-17T14:46:30.508Z 9: webContents.destroyed web1
2024-07-17T14:46:30.553Z 10: window.closed win1
2024-07-17T16:17:52.787Z 11: before-quit
2024-07-17T16:17:52.797Z 12: window.close win2
2024-07-17T16:17:52.824Z 13: webContents.destroyed web2
2024-07-17T16:18:32.232Z 0: 

----------------------------------------------
2024-07-17T16:18:32.273Z 1: Discord starting: {"releaseChannel":"stable","version":"0.0.60"}, modulepath: /home/sam/.config/discord/0.0.60/modules
2024-07-17T16:18:32.287Z 2: ✅ webContents.created web1 "index.html"
2024-07-17T16:18:32.293Z 3: ✅ window.created win1 "discord"
2024-07-17T16:18:32.395Z 4: ✅ webContents.did-finish-load web1
2024-07-17T16:18:32.593Z 5: ✅ webContents.created web2 ""
2024-07-17T16:18:32.600Z 6: ✅ window.created win2 "Discord"
2024-07-17T16:18:33.627Z 7: ✅ webContents.did-finish-load web2
2024-07-17T16:18:33.712Z 8: window.close win1
2024-07-17T16:18:33.730Z 9: webContents.destroyed web1
2024-07-17T16:18:33.736Z 10: window.closed win1
2024-07-17T16:24:33.421Z 11: before-quit
2024-07-17T16:24:33.435Z 12: window.close win2
2024-07-17T16:24:33.455Z 13: webContents.destroyed web2
2024-07-17T20:11:56.630Z 0: 

----------------------------------------------
2024-07-17T20:11:56.753Z 1: Discord starting: {"releaseChannel":"stable","version":"0.0.60"}, modulepath: /home/sam/.config/discord/0.0.60/modules
2024-07-17T20:11:56.759Z 2: ✅ webContents.created web1 ""
2024-07-17T20:11:56.767Z 3: ✅ window.created win1 "discord"
2024-07-17T20:11:56.958Z 4: ✅ webContents.did-finish-load web1
2024-07-17T20:11:57.161Z 5: ✅ webContents.created web2 ""
2024-07-17T20:11:57.169Z 6: ✅ window.created win2 "Discord"
2024-07-17T20:11:58.440Z 7: ✅ webContents.did-finish-load web2
2024-07-17T20:11:58.536Z 8: window.close win1
2024-07-17T20:11:58.547Z 9: webContents.destroyed web1
2024-07-17T20:11:58.553Z 10: window.closed win1
2024-07-17T20:13:08.068Z 11: before-quit
2024-07-17T20:13:45.747Z 0: 

----------------------------------------------
2024-07-17T20:13:45.760Z 1: Discord starting: {"releaseChannel":"stable","version":"0.0.60"}, modulepath: /home/sam/.config/discord/0.0.60/modules
2024-07-17T20:13:45.766Z 2: ✅ webContents.created web1 ""
2024-07-17T20:13:45.772Z 3: ✅ window.created win1 "discord"
2024-07-17T20:13:45.891Z 4: ✅ webContents.did-finish-load web1
2024-07-17T20:13:46.084Z 5: ✅ webContents.created web2 ""
2024-07-17T20:13:46.091Z 6: ✅ window.created win2 "Discord"
2024-07-17T20:13:47.177Z 7: ✅ webContents.did-finish-load web2
2024-07-17T20:13:47.277Z 8: window.close win1
2024-07-17T20:13:47.291Z 9: webContents.destroyed web1
2024-07-17T20:13:47.297Z 10: window.closed win1
2024-07-17T20:56:21.602Z 11: window.close win2
2024-07-17T21:01:54.244Z 12: window.close win2
2024-07-17T21:10:00.996Z 13: window.close win2
2024-07-17T21:17:25.879Z 14: window.close win2
2024-07-18T01:11:09.887Z 0: 

----------------------------------------------
2024-07-18T01:11:09.900Z 1: Discord starting: {"releaseChannel":"stable","version":"0.0.60"}, modulepath: /home/sam/.config/discord/0.0.60/modules
2024-07-18T01:11:09.902Z 2: ✅ webContents.created web1 ""
2024-07-18T01:11:09.906Z 3: ✅ window.created win1 "discord"
2024-07-18T01:11:10.323Z 4: ✅ webContents.did-finish-load web1
2024-07-18T01:11:10.477Z 5: ✅ webContents.created web2 ""
2024-07-18T01:11:10.480Z 6: ✅ window.created win2 "Discord"
2024-07-18T01:11:12.062Z 7: ✅ webContents.did-finish-load web2
2024-07-18T01:11:12.162Z 8: window.close win1
2024-07-18T01:11:12.168Z 9: webContents.destroyed web1
2024-07-18T01:11:12.170Z 10: window.closed win1
2024-07-18T01:13:26.894Z 11: window.close win2
2024-07-18T02:13:55.165Z 0: 

----------------------------------------------
2024-07-18T03:49:54.999Z 12: window.close win2
2024-07-18T04:44:39.318Z 0: 

----------------------------------------------
2024-07-18T04:44:39.343Z 1: Discord starting: {"releaseChannel":"stable","version":"0.0.60"}, modulepath: /home/sam/.config/discord/0.0.60/modules
2024-07-18T04:44:39.358Z 2: ✅ webContents.created web1 ""
2024-07-18T04:44:39.365Z 3: ✅ window.created win1 "discord"
2024-07-18T04:44:40.615Z 4: ✅ webContents.did-finish-load web1
2024-07-18T04:44:40.957Z 5: ✅ webContents.created web2 ""
2024-07-18T04:44:40.964Z 6: ✅ window.created win2 "Discord"
2024-07-18T04:44:42.537Z 7: ✅ webContents.did-finish-load web2
2024-07-18T04:44:42.637Z 8: window.close win1
2024-07-18T04:44:42.647Z 9: webContents.destroyed web1
2024-07-18T04:44:42.653Z 10: window.closed win1
2024-07-18T04:49:42.140Z 11: window.close win2
2024-07-18T05:38:44.660Z 12: window.close win2
2024-07-18T05:39:04.969Z 13: window.close win2
2024-07-18T20:54:33.423Z 0: 

----------------------------------------------
2024-07-18T20:54:33.459Z 1: Discord starting: {"releaseChannel":"stable","version":"0.0.60"}, modulepath: /home/sam/.config/discord/0.0.60/modules
2024-07-18T20:54:33.467Z 2: ✅ webContents.created web1 ""
2024-07-18T20:54:33.473Z 3: ✅ window.created win1 "discord"
2024-07-18T20:54:33.948Z 4: ✅ webContents.did-finish-load web1
2024-07-18T20:54:34.146Z 5: ✅ webContents.created web2 ""
2024-07-18T20:54:34.154Z 6: ✅ window.created win2 "Discord"
2024-07-18T20:54:35.763Z 7: ✅ webContents.did-finish-load web2
2024-07-18T20:54:35.862Z 8: window.close win1
2024-07-18T20:54:35.878Z 9: webContents.destroyed web1
2024-07-18T20:54:35.886Z 10: window.closed win1
2024-07-18T20:56:25.341Z 11: window.close win2
2024-07-18T21:50:58.001Z 12: window.close win2
2024-07-18T21:57:31.322Z 13: window.close win2
2024-07-18T21:57:37.364Z 14: window.close win2
2024-07-19T02:10:42.549Z 0: 

----------------------------------------------
2024-07-19T02:10:42.712Z 1: Discord starting: {"releaseChannel":"stable","version":"0.0.60"}, modulepath: /home/sam/.config/discord/0.0.60/modules
2024-07-19T02:10:42.719Z 2: ✅ webContents.created web1 ""
2024-07-19T02:10:42.726Z 3: ✅ window.created win1 "discord"
2024-07-19T02:10:42.960Z 4: ✅ webContents.did-finish-load web1
2024-07-19T02:10:43.343Z 5: ✅ webContents.created web2 ""
2024-07-19T02:10:43.352Z 6: ✅ window.created win2 "Discord"
2024-07-19T02:10:44.974Z 7: ✅ webContents.did-finish-load web2
2024-07-19T02:10:45.075Z 8: window.close win1
2024-07-19T02:10:45.139Z 9: webContents.destroyed web1
2024-07-19T02:10:45.145Z 10: window.closed win1
2024-07-19T02:11:08.719Z 11: window.close win2
2024-07-19T02:22:10.657Z 12: before-quit
2024-07-19T02:22:10.667Z 13: window.close win2
2024-07-19T02:22:10.688Z 14: webContents.destroyed web2
2024-07-21T06:15:06.902Z 0: 

----------------------------------------------
2024-07-21T06:15:06.943Z 1: Discord starting: {"releaseChannel":"stable","version":"0.0.60"}, modulepath: /home/sam/.config/discord/0.0.60/modules
2024-07-21T06:15:06.956Z 2: ✅ webContents.created web1 ""
2024-07-21T06:15:07.005Z 3: ✅ window.created win1 "discord"
2024-07-21T06:15:07.656Z 4: ✅ webContents.did-finish-load web1
2024-07-21T06:15:07.774Z 5: ✅ webContents.created web2 ""
2024-07-21T06:15:07.786Z 6: ✅ window.created win2 "Discord"
2024-07-21T06:15:08.997Z 7: ✅ webContents.did-finish-load web2
2024-07-21T06:15:09.096Z 8: window.close win1
2024-07-21T06:15:09.147Z 9: webContents.destroyed web1
2024-07-21T06:15:09.153Z 10: window.closed win1
2024-07-21T06:15:15.224Z 11: window.close win2
2024-07-21T06:15:52.685Z 12: before-quit
2024-07-21T06:15:52.696Z 13: window.close win2
