2024-07-22 21:07:43.614 [info] Log level: Info
2024-07-22 21:07:43.614 [info] Validating found git in: "git"
2024-07-22 21:07:43.614 [info] Using git "2.45.2" from "git"
2024-07-22 21:07:43.614 [info] > git rev-parse --show-toplevel [1ms]
2024-07-22 21:07:43.614 [info] fatal: not a git repository (or any parent up to mount point /)
Stopping at filesystem boundary (GIT_DISCOVERY_ACROSS_FILESYSTEM not set).
2024-07-22 21:07:43.619 [info] > git rev-parse --show-toplevel [1ms]
2024-07-22 21:07:43.619 [info] fatal: not a git repository (or any parent up to mount point /)
Stopping at filesystem boundary (GIT_DISCOVERY_ACROSS_FILESYSTEM not set).
2024-07-22 21:07:43.623 [info] > git rev-parse --show-toplevel [1ms]
2024-07-22 21:07:43.623 [info] fatal: not a git repository (or any parent up to mount point /)
Stopping at filesystem boundary (GIT_DISCOVERY_ACROSS_FILESYSTEM not set).
2024-07-22 21:07:43.629 [info] > git rev-parse --show-toplevel [3ms]
2024-07-22 21:07:43.629 [info] fatal: not a git repository (or any parent up to mount point /)
Stopping at filesystem boundary (GIT_DISCOVERY_ACROSS_FILESYSTEM not set).
2024-07-22 21:07:43.633 [info] > git rev-parse --show-toplevel [1ms]
2024-07-22 21:07:43.633 [info] fatal: not a git repository (or any parent up to mount point /)
Stopping at filesystem boundary (GIT_DISCOVERY_ACROSS_FILESYSTEM not set).
2024-07-22 21:07:43.637 [info] > git rev-parse --show-toplevel [2ms]
2024-07-22 21:07:43.637 [info] fatal: not a git repository (or any parent up to mount point /)
Stopping at filesystem boundary (GIT_DISCOVERY_ACROSS_FILESYSTEM not set).
2024-07-22 21:07:43.641 [info] > git rev-parse --show-toplevel [2ms]
2024-07-22 21:07:43.641 [info] fatal: not a git repository (or any parent up to mount point /)
Stopping at filesystem boundary (GIT_DISCOVERY_ACROSS_FILESYSTEM not set).
2024-07-22 21:07:43.644 [info] > git rev-parse --show-toplevel [0ms]
2024-07-22 21:07:43.644 [info] fatal: not a git repository (or any parent up to mount point /)
Stopping at filesystem boundary (GIT_DISCOVERY_ACROSS_FILESYSTEM not set).
2024-07-22 21:07:43.650 [info] > git rev-parse --show-toplevel [3ms]
2024-07-22 21:07:43.650 [info] fatal: not a git repository (or any parent up to mount point /)
Stopping at filesystem boundary (GIT_DISCOVERY_ACROSS_FILESYSTEM not set).
2024-07-22 21:07:43.666 [info] > git rev-parse --show-toplevel [1ms]
2024-07-22 21:07:43.666 [info] fatal: not a git repository (or any parent up to mount point /)
Stopping at filesystem boundary (GIT_DISCOVERY_ACROSS_FILESYSTEM not set).
2024-07-22 21:07:43.670 [info] > git rev-parse --show-toplevel [1ms]
2024-07-22 21:07:43.670 [info] fatal: not a git repository (or any parent up to mount point /)
Stopping at filesystem boundary (GIT_DISCOVERY_ACROSS_FILESYSTEM not set).
2024-07-22 21:07:43.673 [info] > git rev-parse --show-toplevel [1ms]
2024-07-22 21:07:43.673 [info] fatal: not a git repository (or any parent up to mount point /)
Stopping at filesystem boundary (GIT_DISCOVERY_ACROSS_FILESYSTEM not set).
2024-07-22 21:07:43.676 [info] > git rev-parse --show-toplevel [0ms]
2024-07-22 21:07:43.676 [info] fatal: not a git repository (or any parent up to mount point /)
Stopping at filesystem boundary (GIT_DISCOVERY_ACROSS_FILESYSTEM not set).
2024-07-22 21:07:43.680 [info] > git rev-parse --show-toplevel [1ms]
2024-07-22 21:07:43.683 [info] > git rev-parse --git-dir --git-common-dir [0ms]
2024-07-22 21:07:43.690 [info] Open repository: /home/sam/.oh-my-zsh
2024-07-22 21:07:43.698 [info] > git rev-parse --show-toplevel [1ms]
2024-07-22 21:07:43.698 [info] fatal: not a git repository (or any parent up to mount point /)
Stopping at filesystem boundary (GIT_DISCOVERY_ACROSS_FILESYSTEM not set).
2024-07-22 21:07:43.698 [info] > git config --get commit.template [4ms]
2024-07-22 21:07:43.731 [info] > git rev-parse --show-toplevel [8ms]
2024-07-22 21:07:43.731 [info] fatal: not a git repository (or any parent up to mount point /)
Stopping at filesystem boundary (GIT_DISCOVERY_ACROSS_FILESYSTEM not set).
2024-07-22 21:07:43.735 [info] > git for-each-ref --format=%(refname)%00%(upstream:short)%00%(objectname)%00%(upstream:track)%00%(upstream:remotename)%00%(upstream:remoteref) refs/heads/master refs/remotes/master [5ms]
2024-07-22 21:07:43.739 [info] > git rev-parse --show-toplevel [5ms]
2024-07-22 21:07:43.739 [info] fatal: not a git repository (or any parent up to mount point /)
Stopping at filesystem boundary (GIT_DISCOVERY_ACROSS_FILESYSTEM not set).
2024-07-22 21:07:43.746 [info] > git rev-parse --show-toplevel [2ms]
2024-07-22 21:07:43.746 [info] fatal: not a git repository (or any parent up to mount point /)
Stopping at filesystem boundary (GIT_DISCOVERY_ACROSS_FILESYSTEM not set).
2024-07-22 21:07:43.766 [info] > git status -z -uall [9ms]
2024-07-22 21:07:43.766 [info] > git rev-parse --show-toplevel [5ms]
2024-07-22 21:07:43.766 [info] fatal: not a git repository (or any parent up to mount point /)
Stopping at filesystem boundary (GIT_DISCOVERY_ACROSS_FILESYSTEM not set).
2024-07-22 21:07:43.786 [info] > git for-each-ref --format=%(refname)%00%(upstream:short)%00%(objectname)%00%(upstream:track)%00%(upstream:remotename)%00%(upstream:remoteref) refs/heads/master refs/remotes/master [10ms]
2024-07-22 21:07:43.790 [info] > git rev-parse --show-toplevel [19ms]
2024-07-22 21:07:43.790 [info] fatal: not a git repository (or any parent up to mount point /)
Stopping at filesystem boundary (GIT_DISCOVERY_ACROSS_FILESYSTEM not set).
2024-07-22 21:07:43.798 [info] > git config --local branch.master.vscode-merge-base [8ms]
2024-07-22 21:07:43.799 [warning] git config failed: Failed to execute git
2024-07-22 21:07:43.802 [info] > git config --get commit.template [17ms]
2024-07-22 21:07:43.804 [info] > git rev-parse --show-toplevel [8ms]
2024-07-22 21:07:43.804 [info] fatal: not a git repository (or any parent up to mount point /)
Stopping at filesystem boundary (GIT_DISCOVERY_ACROSS_FILESYSTEM not set).
2024-07-22 21:07:43.823 [info] > git reflog master --grep-reflog=branch: Created from *. [21ms]
2024-07-22 21:07:43.831 [info] > git rev-parse --show-toplevel [22ms]
2024-07-22 21:07:43.831 [info] fatal: not a git repository (or any parent up to mount point /)
Stopping at filesystem boundary (GIT_DISCOVERY_ACROSS_FILESYSTEM not set).
2024-07-22 21:07:43.831 [info] > git for-each-ref --format=%(refname)%00%(upstream:short)%00%(objectname)%00%(upstream:track)%00%(upstream:remotename)%00%(upstream:remoteref) refs/heads/master refs/remotes/master [24ms]
2024-07-22 21:07:43.847 [info] > git for-each-ref --format=%(refname)%00%(upstream:short)%00%(objectname)%00%(upstream:track)%00%(upstream:remotename)%00%(upstream:remoteref) refs/heads/origin/master refs/remotes/origin/master [20ms]
2024-07-22 21:07:43.856 [info] > git symbolic-ref --short refs/remotes/origin/HEAD [5ms]
2024-07-22 21:07:43.856 [info] fatal: ref refs/remotes/origin/HEAD is not a symbolic ref
2024-07-22 21:07:43.859 [info] > git rev-parse --show-toplevel [15ms]
2024-07-22 21:07:43.859 [info] fatal: not a git repository (or any parent up to mount point /)
Stopping at filesystem boundary (GIT_DISCOVERY_ACROSS_FILESYSTEM not set).
2024-07-22 21:07:43.864 [info] > git merge-base refs/heads/master refs/remotes/origin/master [5ms]
2024-07-22 21:07:43.870 [info] > git rev-parse --show-toplevel [6ms]
2024-07-22 21:07:43.870 [info] fatal: not a git repository (or any parent up to mount point /)
Stopping at filesystem boundary (GIT_DISCOVERY_ACROSS_FILESYSTEM not set).
2024-07-22 21:07:43.875 [info] > git rev-list --count --left-right refs/heads/master...refs/remotes/origin/master [8ms]
2024-07-22 21:07:43.879 [info] > git status -z -uall [9ms]
2024-07-22 21:07:43.879 [info] > git rev-parse --show-toplevel [5ms]
2024-07-22 21:07:43.879 [info] fatal: not a git repository (or any parent up to mount point /)
Stopping at filesystem boundary (GIT_DISCOVERY_ACROSS_FILESYSTEM not set).
2024-07-22 21:07:43.886 [info] > git for-each-ref --format=%(refname)%00%(upstream:short)%00%(objectname)%00%(upstream:track)%00%(upstream:remotename)%00%(upstream:remoteref) refs/heads/master refs/remotes/master [4ms]
2024-07-22 21:07:43.889 [info] > git diff --name-status -z --diff-filter=ADMR be10a9127731e7c6a9a57f8c8c1789e233117ae9...refs/remotes/origin/master [11ms]
2024-07-22 21:07:43.891 [info] > git config --local branch.master.vscode-merge-base [2ms]
2024-07-22 21:07:43.891 [warning] git config failed: Failed to execute git
2024-07-22 21:07:43.894 [info] > git rev-parse --show-toplevel [8ms]
2024-07-22 21:07:43.898 [info] > git reflog master --grep-reflog=branch: Created from *. [4ms]
2024-07-22 21:07:43.901 [info] > git rev-parse --git-dir --git-common-dir [4ms]
2024-07-22 21:07:43.903 [info] Open repository: /home/sam/Git
2024-07-22 21:07:43.909 [info] > git for-each-ref --format=%(refname)%00%(upstream:short)%00%(objectname)%00%(upstream:track)%00%(upstream:remotename)%00%(upstream:remoteref) refs/heads/origin/master refs/remotes/origin/master [9ms]
2024-07-22 21:07:43.912 [info] > git symbolic-ref --short refs/remotes/origin/HEAD [1ms]
2024-07-22 21:07:43.912 [info] fatal: ref refs/remotes/origin/HEAD is not a symbolic ref
2024-07-22 21:07:43.912 [info] > git rev-parse --show-toplevel [4ms]
2024-07-22 21:07:43.913 [info] fatal: not a git repository (or any parent up to mount point /)
Stopping at filesystem boundary (GIT_DISCOVERY_ACROSS_FILESYSTEM not set).
2024-07-22 21:07:43.913 [info] > git config --get commit.template [7ms]
2024-07-22 21:07:43.919 [info] > git rev-parse --show-toplevel [3ms]
2024-07-22 21:07:43.919 [info] fatal: not a git repository (or any parent up to mount point /)
Stopping at filesystem boundary (GIT_DISCOVERY_ACROSS_FILESYSTEM not set).
2024-07-22 21:07:43.922 [info] > git for-each-ref --format=%(refname)%00%(upstream:short)%00%(objectname)%00%(upstream:track)%00%(upstream:remotename)%00%(upstream:remoteref) refs/heads/next refs/remotes/next [4ms]
2024-07-22 21:07:43.925 [warning] ENOENT: no such file or directory, open '/home/sam/Git/.git/refs/remotes/origin/next'
2024-07-22 21:07:43.925 [info] > git rev-parse --show-toplevel [4ms]
2024-07-22 21:07:43.925 [info] fatal: not a git repository (or any parent up to mount point /)
Stopping at filesystem boundary (GIT_DISCOVERY_ACROSS_FILESYSTEM not set).
2024-07-22 21:07:43.928 [info] > git rev-parse refs/remotes/origin/next [3ms]
2024-07-22 21:07:43.931 [info] > git rev-parse --show-toplevel [3ms]
2024-07-22 21:07:43.931 [info] fatal: not a git repository (or any parent up to mount point /)
Stopping at filesystem boundary (GIT_DISCOVERY_ACROSS_FILESYSTEM not set).
2024-07-22 21:07:43.935 [info] > git status -z -uall [4ms]
2024-07-22 21:07:43.948 [info] > git for-each-ref --format=%(refname)%00%(upstream:short)%00%(objectname)%00%(upstream:track)%00%(upstream:remotename)%00%(upstream:remoteref) refs/heads/next refs/remotes/next [9ms]
2024-07-22 21:07:43.951 [info] > git rev-parse --show-toplevel [16ms]
2024-07-22 21:07:43.951 [info] fatal: not a git repository (or any parent up to mount point /)
Stopping at filesystem boundary (GIT_DISCOVERY_ACROSS_FILESYSTEM not set).
2024-07-22 21:07:43.955 [info] > git config --local branch.next.vscode-merge-base [4ms]
2024-07-22 21:07:43.959 [info] > git config --get commit.template [11ms]
2024-07-22 21:07:43.960 [info] > git for-each-ref --format=%(refname)%00%(upstream:short)%00%(objectname)%00%(upstream:track)%00%(upstream:remotename)%00%(upstream:remoteref) refs/heads/origin/next refs/remotes/origin/next [1ms]
2024-07-22 21:07:43.964 [info] > git rev-parse --show-toplevel [9ms]
2024-07-22 21:07:43.964 [info] fatal: not a git repository (or any parent up to mount point /)
Stopping at filesystem boundary (GIT_DISCOVERY_ACROSS_FILESYSTEM not set).
2024-07-22 21:07:43.971 [info] > git for-each-ref --format=%(refname)%00%(upstream:short)%00%(objectname)%00%(upstream:track)%00%(upstream:remotename)%00%(upstream:remoteref) refs/heads/next refs/remotes/next [4ms]
2024-07-22 21:07:43.972 [info] > git merge-base refs/heads/next refs/remotes/origin/next [8ms]
2024-07-22 21:07:43.980 [warning] ENOENT: no such file or directory, open '/home/sam/Git/.git/refs/remotes/origin/next'
2024-07-22 21:07:43.982 [info] > git rev-parse --show-toplevel [12ms]
2024-07-22 21:07:43.982 [info] fatal: not a git repository (or any parent up to mount point /)
Stopping at filesystem boundary (GIT_DISCOVERY_ACROSS_FILESYSTEM not set).
2024-07-22 21:07:43.989 [info] > git rev-parse refs/remotes/origin/next [9ms]
2024-07-22 21:07:43.993 [info] > git rev-list --count --left-right refs/heads/next...refs/remotes/origin/next [18ms]
2024-07-22 21:07:43.998 [info] > git status -z -uall [5ms]
2024-07-22 21:07:44.006 [info] > git rev-parse --show-toplevel [20ms]
2024-07-22 21:07:44.006 [info] fatal: not a git repository (or any parent up to mount point /)
Stopping at filesystem boundary (GIT_DISCOVERY_ACROSS_FILESYSTEM not set).
2024-07-22 21:07:44.030 [info] > git for-each-ref --format=%(refname)%00%(upstream:short)%00%(objectname)%00%(upstream:track)%00%(upstream:remotename)%00%(upstream:remoteref) refs/heads/next refs/remotes/next [28ms]
2024-07-22 21:07:44.033 [info] > git diff --name-status -z --diff-filter=ADMR 836fc5922a3221ed1edbdaf5f1b642696f622cdf...refs/remotes/origin/next [37ms]
2024-07-22 21:07:44.036 [info] > git config --local branch.next.vscode-merge-base [3ms]
2024-07-22 21:07:44.041 [info] > git for-each-ref --format=%(refname)%00%(upstream:short)%00%(objectname)%00%(upstream:track)%00%(upstream:remotename)%00%(upstream:remoteref) refs/heads/origin/next refs/remotes/origin/next [1ms]
2024-07-22 21:07:44.467 [info] > git check-ignore -v -z --stdin [4ms]
2024-07-22 21:07:44.467 [info] > git check-ignore -v -z --stdin [1ms]
2024-07-22 21:07:45.654 [info] > git rev-parse --show-toplevel [1ms]
2024-07-22 21:07:45.654 [info] fatal: not a git repository (or any parent up to mount point /)
Stopping at filesystem boundary (GIT_DISCOVERY_ACROSS_FILESYSTEM not set).
2024-07-22 21:08:40.993 [info] > git rev-parse --show-toplevel [3ms]
2024-07-22 21:08:40.993 [info] fatal: not a git repository (or any parent up to mount point /)
Stopping at filesystem boundary (GIT_DISCOVERY_ACROSS_FILESYSTEM not set).
