2024-07-22 22:02:58.130 [info] Log level: Info
2024-07-22 22:02:58.130 [info] Validating found git in: "git"
2024-07-22 22:02:58.130 [info] Using git "2.45.2" from "git"
2024-07-22 22:02:58.130 [info] > git rev-parse --show-toplevel [7ms]
2024-07-22 22:02:58.130 [info] fatal: not a git repository (or any parent up to mount point /)
Stopping at filesystem boundary (GIT_DISCOVERY_ACROSS_FILESYSTEM not set).
2024-07-22 22:02:58.130 [info] > git rev-parse --show-toplevel [2ms]
2024-07-22 22:02:58.130 [info] fatal: not a git repository (or any parent up to mount point /)
Stopping at filesystem boundary (GIT_DISCOVERY_ACROSS_FILESYSTEM not set).
2024-07-22 22:02:58.141 [info] > git rev-parse --show-toplevel [5ms]
2024-07-22 22:02:58.141 [info] fatal: not a git repository (or any parent up to mount point /)
Stopping at filesystem boundary (GIT_DISCOVERY_ACROSS_FILESYSTEM not set).
2024-07-22 22:02:58.147 [info] > git rev-parse --show-toplevel [3ms]
2024-07-22 22:02:58.147 [info] fatal: not a git repository (or any parent up to mount point /)
Stopping at filesystem boundary (GIT_DISCOVERY_ACROSS_FILESYSTEM not set).
2024-07-22 22:02:58.150 [info] > git rev-parse --show-toplevel [1ms]
2024-07-22 22:02:58.150 [info] fatal: not a git repository (or any parent up to mount point /)
Stopping at filesystem boundary (GIT_DISCOVERY_ACROSS_FILESYSTEM not set).
2024-07-22 22:02:58.153 [info] > git rev-parse --show-toplevel [1ms]
2024-07-22 22:02:58.153 [info] fatal: not a git repository (or any parent up to mount point /)
Stopping at filesystem boundary (GIT_DISCOVERY_ACROSS_FILESYSTEM not set).
2024-07-22 22:02:58.156 [info] > git rev-parse --show-toplevel [1ms]
2024-07-22 22:02:58.156 [info] fatal: not a git repository (or any parent up to mount point /)
Stopping at filesystem boundary (GIT_DISCOVERY_ACROSS_FILESYSTEM not set).
2024-07-22 22:02:58.159 [info] > git rev-parse --show-toplevel [1ms]
2024-07-22 22:02:58.159 [info] fatal: not a git repository (or any parent up to mount point /)
Stopping at filesystem boundary (GIT_DISCOVERY_ACROSS_FILESYSTEM not set).
2024-07-22 22:02:58.162 [info] > git rev-parse --show-toplevel [1ms]
2024-07-22 22:02:58.162 [info] fatal: not a git repository (or any parent up to mount point /)
Stopping at filesystem boundary (GIT_DISCOVERY_ACROSS_FILESYSTEM not set).
2024-07-22 22:02:58.165 [info] > git rev-parse --show-toplevel [1ms]
2024-07-22 22:02:58.165 [info] fatal: not a git repository (or any parent up to mount point /)
Stopping at filesystem boundary (GIT_DISCOVERY_ACROSS_FILESYSTEM not set).
2024-07-22 22:02:58.168 [info] > git rev-parse --show-toplevel [1ms]
2024-07-22 22:02:58.168 [info] fatal: not a git repository (or any parent up to mount point /)
Stopping at filesystem boundary (GIT_DISCOVERY_ACROSS_FILESYSTEM not set).
2024-07-22 22:02:58.171 [info] > git rev-parse --show-toplevel [0ms]
2024-07-22 22:02:58.171 [info] fatal: not a git repository (or any parent up to mount point /)
Stopping at filesystem boundary (GIT_DISCOVERY_ACROSS_FILESYSTEM not set).
2024-07-22 22:02:58.176 [info] > git rev-parse --show-toplevel [3ms]
2024-07-22 22:02:58.176 [info] fatal: not a git repository (or any parent up to mount point /)
Stopping at filesystem boundary (GIT_DISCOVERY_ACROSS_FILESYSTEM not set).
2024-07-22 22:02:58.179 [info] > git rev-parse --show-toplevel [1ms]
2024-07-22 22:02:58.179 [info] fatal: not a git repository (or any parent up to mount point /)
Stopping at filesystem boundary (GIT_DISCOVERY_ACROSS_FILESYSTEM not set).
2024-07-22 22:02:58.182 [info] > git rev-parse --show-toplevel [1ms]
2024-07-22 22:02:58.186 [info] > git rev-parse --git-dir --git-common-dir [1ms]
2024-07-22 22:02:58.193 [info] Open repository: /home/sam/.oh-my-zsh
2024-07-22 22:02:58.202 [info] > git config --get commit.template [3ms]
2024-07-22 22:02:58.202 [info] > git rev-parse --show-toplevel [1ms]
2024-07-22 22:02:58.202 [info] fatal: not a git repository (or any parent up to mount point /)
Stopping at filesystem boundary (GIT_DISCOVERY_ACROSS_FILESYSTEM not set).
2024-07-22 22:02:58.209 [info] > git for-each-ref --format=%(refname)%00%(upstream:short)%00%(objectname)%00%(upstream:track)%00%(upstream:remotename)%00%(upstream:remoteref) refs/heads/master refs/remotes/master [4ms]
2024-07-22 22:02:58.209 [info] > git rev-parse --show-toplevel [1ms]
2024-07-22 22:02:58.209 [info] fatal: not a git repository (or any parent up to mount point /)
Stopping at filesystem boundary (GIT_DISCOVERY_ACROSS_FILESYSTEM not set).
2024-07-22 22:02:58.213 [info] > git rev-parse --show-toplevel [1ms]
2024-07-22 22:02:58.213 [info] fatal: not a git repository (or any parent up to mount point /)
Stopping at filesystem boundary (GIT_DISCOVERY_ACROSS_FILESYSTEM not set).
2024-07-22 22:02:58.224 [info] > git status -z -uall [7ms]
2024-07-22 22:02:58.224 [info] > git rev-parse --show-toplevel [4ms]
2024-07-22 22:02:58.224 [info] fatal: not a git repository (or any parent up to mount point /)
Stopping at filesystem boundary (GIT_DISCOVERY_ACROSS_FILESYSTEM not set).
2024-07-22 22:02:58.239 [info] > git for-each-ref --format=%(refname)%00%(upstream:short)%00%(objectname)%00%(upstream:track)%00%(upstream:remotename)%00%(upstream:remoteref) refs/heads/master refs/remotes/master [11ms]
2024-07-22 22:02:58.243 [info] > git config --get commit.template [5ms]
2024-07-22 22:02:58.243 [info] > git rev-parse --show-toplevel [7ms]
2024-07-22 22:02:58.243 [info] fatal: not a git repository (or any parent up to mount point /)
Stopping at filesystem boundary (GIT_DISCOVERY_ACROSS_FILESYSTEM not set).
2024-07-22 22:02:58.252 [info] > git config --local branch.master.vscode-merge-base [10ms]
2024-07-22 22:02:58.252 [warning] git config failed: Failed to execute git
2024-07-22 22:02:58.259 [info] > git rev-parse --show-toplevel [7ms]
2024-07-22 22:02:58.259 [info] fatal: not a git repository (or any parent up to mount point /)
Stopping at filesystem boundary (GIT_DISCOVERY_ACROSS_FILESYSTEM not set).
2024-07-22 22:02:58.263 [info] > git for-each-ref --format=%(refname)%00%(upstream:short)%00%(objectname)%00%(upstream:track)%00%(upstream:remotename)%00%(upstream:remoteref) refs/heads/master refs/remotes/master [5ms]
2024-07-22 22:02:58.263 [info] > git reflog master --grep-reflog=branch: Created from *. [8ms]
2024-07-22 22:02:58.275 [info] > git for-each-ref --format=%(refname)%00%(upstream:short)%00%(objectname)%00%(upstream:track)%00%(upstream:remotename)%00%(upstream:remoteref) refs/heads/origin/master refs/remotes/origin/master [9ms]
2024-07-22 22:02:58.278 [info] > git rev-parse --show-toplevel [15ms]
2024-07-22 22:02:58.278 [info] fatal: not a git repository (or any parent up to mount point /)
Stopping at filesystem boundary (GIT_DISCOVERY_ACROSS_FILESYSTEM not set).
2024-07-22 22:02:58.282 [info] > git symbolic-ref --short refs/remotes/origin/HEAD [4ms]
2024-07-22 22:02:58.282 [info] fatal: ref refs/remotes/origin/HEAD is not a symbolic ref
2024-07-22 22:02:58.286 [info] > git rev-parse --show-toplevel [4ms]
2024-07-22 22:02:58.286 [info] fatal: not a git repository (or any parent up to mount point /)
Stopping at filesystem boundary (GIT_DISCOVERY_ACROSS_FILESYSTEM not set).
2024-07-22 22:02:58.292 [info] > git merge-base refs/heads/master refs/remotes/origin/master [6ms]
2024-07-22 22:02:58.294 [info] > git rev-parse --show-toplevel [3ms]
2024-07-22 22:02:58.294 [info] fatal: not a git repository (or any parent up to mount point /)
Stopping at filesystem boundary (GIT_DISCOVERY_ACROSS_FILESYSTEM not set).
2024-07-22 22:02:58.297 [info] > git status -z -uall [9ms]
2024-07-22 22:02:58.297 [info] > git rev-list --count --left-right refs/heads/master...refs/remotes/origin/master [3ms]
2024-07-22 22:02:58.305 [info] > git for-each-ref --format=%(refname)%00%(upstream:short)%00%(objectname)%00%(upstream:track)%00%(upstream:remotename)%00%(upstream:remoteref) refs/heads/master refs/remotes/master [2ms]
2024-07-22 22:02:58.307 [info] > git diff --name-status -z --diff-filter=ADMR be10a9127731e7c6a9a57f8c8c1789e233117ae9...refs/remotes/origin/master [7ms]
2024-07-22 22:02:58.308 [info] > git rev-parse --show-toplevel [11ms]
2024-07-22 22:02:58.308 [info] fatal: not a git repository (or any parent up to mount point /)
Stopping at filesystem boundary (GIT_DISCOVERY_ACROSS_FILESYSTEM not set).
2024-07-22 22:02:58.311 [info] > git config --local branch.master.vscode-merge-base [4ms]
2024-07-22 22:02:58.311 [warning] git config failed: Failed to execute git
2024-07-22 22:02:58.315 [info] > git rev-parse --show-toplevel [4ms]
2024-07-22 22:02:58.315 [info] fatal: not a git repository (or any parent up to mount point /)
Stopping at filesystem boundary (GIT_DISCOVERY_ACROSS_FILESYSTEM not set).
2024-07-22 22:02:58.318 [info] > git reflog master --grep-reflog=branch: Created from *. [4ms]
2024-07-22 22:02:58.320 [info] > git rev-parse --show-toplevel [3ms]
2024-07-22 22:02:58.325 [info] > git rev-parse --git-dir --git-common-dir [3ms]
2024-07-22 22:02:58.327 [info] Open repository: /home/sam/Git
2024-07-22 22:02:58.328 [info] > git for-each-ref --format=%(refname)%00%(upstream:short)%00%(objectname)%00%(upstream:track)%00%(upstream:remotename)%00%(upstream:remoteref) refs/heads/origin/master refs/remotes/origin/master [7ms]
2024-07-22 22:02:58.338 [info] > git rev-parse --show-toplevel [1ms]
2024-07-22 22:02:58.338 [info] fatal: not a git repository (or any parent up to mount point /)
Stopping at filesystem boundary (GIT_DISCOVERY_ACROSS_FILESYSTEM not set).
2024-07-22 22:02:58.338 [info] > git config --get commit.template [4ms]
2024-07-22 22:02:58.338 [info] > git symbolic-ref --short refs/remotes/origin/HEAD [7ms]
2024-07-22 22:02:58.338 [info] fatal: ref refs/remotes/origin/HEAD is not a symbolic ref
2024-07-22 22:02:58.344 [info] > git rev-parse --show-toplevel [4ms]
2024-07-22 22:02:58.344 [info] fatal: not a git repository (or any parent up to mount point /)
Stopping at filesystem boundary (GIT_DISCOVERY_ACROSS_FILESYSTEM not set).
2024-07-22 22:02:58.347 [info] > git for-each-ref --format=%(refname)%00%(upstream:short)%00%(objectname)%00%(upstream:track)%00%(upstream:remotename)%00%(upstream:remoteref) refs/heads/next refs/remotes/next [4ms]
2024-07-22 22:02:58.349 [warning] ENOENT: no such file or directory, open '/home/sam/Git/.git/refs/remotes/origin/next'
2024-07-22 22:02:58.349 [info] > git rev-parse --show-toplevel [3ms]
2024-07-22 22:02:58.349 [info] fatal: not a git repository (or any parent up to mount point /)
Stopping at filesystem boundary (GIT_DISCOVERY_ACROSS_FILESYSTEM not set).
2024-07-22 22:02:58.352 [info] > git rev-parse refs/remotes/origin/next [3ms]
2024-07-22 22:02:58.355 [info] > git rev-parse --show-toplevel [2ms]
2024-07-22 22:02:58.355 [info] fatal: not a git repository (or any parent up to mount point /)
Stopping at filesystem boundary (GIT_DISCOVERY_ACROSS_FILESYSTEM not set).
2024-07-22 22:02:58.358 [info] > git status -z -uall [4ms]
2024-07-22 22:02:58.369 [info] > git for-each-ref --format=%(refname)%00%(upstream:short)%00%(objectname)%00%(upstream:track)%00%(upstream:remotename)%00%(upstream:remoteref) refs/heads/next refs/remotes/next [8ms]
2024-07-22 22:02:58.372 [info] > git rev-parse --show-toplevel [15ms]
2024-07-22 22:02:58.372 [info] fatal: not a git repository (or any parent up to mount point /)
Stopping at filesystem boundary (GIT_DISCOVERY_ACROSS_FILESYSTEM not set).
2024-07-22 22:02:58.374 [info] > git config --get commit.template [5ms]
2024-07-22 22:02:58.375 [info] > git config --local branch.next.vscode-merge-base [3ms]
2024-07-22 22:02:58.379 [info] > git rev-parse --show-toplevel [5ms]
2024-07-22 22:02:58.379 [info] fatal: not a git repository (or any parent up to mount point /)
Stopping at filesystem boundary (GIT_DISCOVERY_ACROSS_FILESYSTEM not set).
2024-07-22 22:02:58.382 [info] > git for-each-ref --format=%(refname)%00%(upstream:short)%00%(objectname)%00%(upstream:track)%00%(upstream:remotename)%00%(upstream:remoteref) refs/heads/origin/next refs/remotes/origin/next [5ms]
2024-07-22 22:02:58.384 [info] > git rev-parse --show-toplevel [3ms]
2024-07-22 22:02:58.384 [info] > git for-each-ref --format=%(refname)%00%(upstream:short)%00%(objectname)%00%(upstream:track)%00%(upstream:remotename)%00%(upstream:remoteref) refs/heads/next refs/remotes/next [5ms]
2024-07-22 22:02:58.389 [warning] ENOENT: no such file or directory, open '/home/sam/Git/.git/refs/remotes/origin/next'
2024-07-22 22:02:58.389 [info] > git rev-parse --git-dir --git-common-dir [3ms]
2024-07-22 22:02:58.391 [info] Open repository: /home/sam/dotfiles
2024-07-22 22:02:58.392 [info] > git merge-base refs/heads/next refs/remotes/origin/next [8ms]
2024-07-22 22:02:58.400 [info] > git rev-parse refs/remotes/origin/next [11ms]
2024-07-22 22:02:58.403 [info] > git rev-parse --show-toplevel [3ms]
2024-07-22 22:02:58.403 [info] fatal: not a git repository (or any parent up to mount point /)
Stopping at filesystem boundary (GIT_DISCOVERY_ACROSS_FILESYSTEM not set).
2024-07-22 22:02:58.403 [info] > git config --get commit.template [6ms]
2024-07-22 22:02:58.403 [info] > git rev-list --count --left-right refs/heads/next...refs/remotes/origin/next [9ms]
2024-07-22 22:02:58.406 [info] > git status -z -uall [4ms]
2024-07-22 22:02:58.416 [info] > git for-each-ref --format=%(refname)%00%(upstream:short)%00%(objectname)%00%(upstream:track)%00%(upstream:remotename)%00%(upstream:remoteref) refs/heads/next refs/remotes/next [7ms]
2024-07-22 22:02:58.419 [info] > git diff --name-status -z --diff-filter=ADMR 836fc5922a3221ed1edbdaf5f1b642696f622cdf...refs/remotes/origin/next [13ms]
2024-07-22 22:02:58.420 [info] > git config --local branch.next.vscode-merge-base [1ms]
2024-07-22 22:02:58.423 [info] > git for-each-ref --format=%(refname)%00%(upstream:short)%00%(objectname)%00%(upstream:track)%00%(upstream:remotename)%00%(upstream:remoteref) refs/heads/main refs/remotes/main [7ms]
2024-07-22 22:02:58.427 [info] > git for-each-ref --format=%(refname)%00%(upstream:short)%00%(objectname)%00%(upstream:track)%00%(upstream:remotename)%00%(upstream:remoteref) refs/heads/origin/next refs/remotes/origin/next [5ms]
2024-07-22 22:02:58.452 [info] > git status -z -uall [1ms]
2024-07-22 22:02:58.460 [info] > git for-each-ref --format=%(refname)%00%(upstream:short)%00%(objectname)%00%(upstream:track)%00%(upstream:remotename)%00%(upstream:remoteref) refs/heads/main refs/remotes/main [5ms]
2024-07-22 22:02:58.463 [info] > git config --local branch.main.vscode-merge-base [1ms]
2024-07-22 22:02:58.463 [warning] git config failed: Failed to execute git
2024-07-22 22:02:58.466 [info] > git config --get commit.template [7ms]
2024-07-22 22:02:58.469 [info] > git reflog main --grep-reflog=branch: Created from *. [3ms]
2024-07-22 22:02:58.472 [info] > git for-each-ref --format=%(refname)%00%(upstream:short)%00%(objectname)%00%(upstream:track)%00%(upstream:remotename)%00%(upstream:remoteref) refs/heads/main refs/remotes/main [3ms]
2024-07-22 22:02:58.474 [info] > git symbolic-ref --short refs/remotes/origin/HEAD [3ms]
2024-07-22 22:02:58.474 [info] fatal: ref refs/remotes/origin/HEAD is not a symbolic ref
2024-07-22 22:02:58.477 [info] > git status -z -uall [3ms]
2024-07-22 22:02:58.480 [info] > git for-each-ref --format=%(refname)%00%(upstream:short)%00%(objectname)%00%(upstream:track)%00%(upstream:remotename)%00%(upstream:remoteref) refs/heads/main refs/remotes/main [1ms]
2024-07-22 22:02:58.483 [info] > git merge-base refs/heads/main refs/remotes/origin/main [6ms]
2024-07-22 22:02:58.486 [info] > git config --local branch.main.vscode-merge-base [3ms]
2024-07-22 22:02:58.486 [warning] git config failed: Failed to execute git
2024-07-22 22:02:58.489 [info] > git rev-list --count --left-right refs/heads/main...refs/remotes/origin/main [4ms]
2024-07-22 22:02:58.492 [info] > git reflog main --grep-reflog=branch: Created from *. [3ms]
2024-07-22 22:02:58.494 [info] > git diff --name-status -z --diff-filter=ADMR 3ddb2befb979a046f6321662d4e05b34ff4c802f...refs/remotes/origin/main [3ms]
2024-07-22 22:02:58.495 [info] > git symbolic-ref --short refs/remotes/origin/HEAD [1ms]
2024-07-22 22:02:58.495 [info] fatal: ref refs/remotes/origin/HEAD is not a symbolic ref
2024-07-22 22:02:58.935 [info] > git check-ignore -v -z --stdin [6ms]
2024-07-22 22:02:58.935 [info] > git check-ignore -v -z --stdin [3ms]
2024-07-22 22:02:58.935 [info] > git check-ignore -v -z --stdin [1ms]
