2024-07-22 22:02:45.773 [info] Log level: Info
2024-07-22 22:02:45.773 [info] Validating found git in: "git"
2024-07-22 22:02:45.773 [info] Using git "2.45.2" from "git"
2024-07-22 22:02:45.773 [info] > git rev-parse --show-toplevel [1ms]
2024-07-22 22:02:45.773 [info] fatal: not a git repository (or any parent up to mount point /)
Stopping at filesystem boundary (GIT_DISCOVERY_ACROSS_FILESYSTEM not set).
2024-07-22 22:02:45.773 [info] > git rev-parse --show-toplevel [1ms]
2024-07-22 22:02:45.773 [info] fatal: not a git repository (or any parent up to mount point /)
Stopping at filesystem boundary (GIT_DISCOVERY_ACROSS_FILESYSTEM not set).
2024-07-22 22:02:45.773 [info] > git rev-parse --show-toplevel [3ms]
2024-07-22 22:02:45.773 [info] fatal: not a git repository (or any parent up to mount point /)
Stopping at filesystem boundary (GIT_DISCOVERY_ACROSS_FILESYSTEM not set).
2024-07-22 22:02:45.773 [info] > git rev-parse --show-toplevel [2ms]
2024-07-22 22:02:45.773 [info] fatal: not a git repository (or any parent up to mount point /)
Stopping at filesystem boundary (GIT_DISCOVERY_ACROSS_FILESYSTEM not set).
2024-07-22 22:02:45.773 [info] > git rev-parse --show-toplevel [1ms]
2024-07-22 22:02:45.773 [info] fatal: not a git repository (or any parent up to mount point /)
Stopping at filesystem boundary (GIT_DISCOVERY_ACROSS_FILESYSTEM not set).
2024-07-22 22:02:45.776 [info] > git rev-parse --show-toplevel [1ms]
2024-07-22 22:02:45.776 [info] fatal: not a git repository (or any parent up to mount point /)
Stopping at filesystem boundary (GIT_DISCOVERY_ACROSS_FILESYSTEM not set).
2024-07-22 22:02:45.780 [info] > git rev-parse --show-toplevel [2ms]
2024-07-22 22:02:45.780 [info] fatal: not a git repository (or any parent up to mount point /)
Stopping at filesystem boundary (GIT_DISCOVERY_ACROSS_FILESYSTEM not set).
2024-07-22 22:02:45.797 [info] > git rev-parse --show-toplevel [1ms]
2024-07-22 22:02:45.797 [info] fatal: not a git repository (or any parent up to mount point /)
Stopping at filesystem boundary (GIT_DISCOVERY_ACROSS_FILESYSTEM not set).
2024-07-22 22:02:45.800 [info] > git rev-parse --show-toplevel [1ms]
2024-07-22 22:02:45.800 [info] fatal: not a git repository (or any parent up to mount point /)
Stopping at filesystem boundary (GIT_DISCOVERY_ACROSS_FILESYSTEM not set).
2024-07-22 22:02:45.803 [info] > git rev-parse --show-toplevel [0ms]
2024-07-22 22:02:45.803 [info] fatal: not a git repository (or any parent up to mount point /)
Stopping at filesystem boundary (GIT_DISCOVERY_ACROSS_FILESYSTEM not set).
2024-07-22 22:02:45.807 [info] > git rev-parse --show-toplevel [1ms]
2024-07-22 22:02:45.807 [info] fatal: not a git repository (or any parent up to mount point /)
Stopping at filesystem boundary (GIT_DISCOVERY_ACROSS_FILESYSTEM not set).
2024-07-22 22:02:45.810 [info] > git rev-parse --show-toplevel [1ms]
2024-07-22 22:02:45.810 [info] fatal: not a git repository (or any parent up to mount point /)
Stopping at filesystem boundary (GIT_DISCOVERY_ACROSS_FILESYSTEM not set).
2024-07-22 22:02:45.813 [info] > git rev-parse --show-toplevel [0ms]
2024-07-22 22:02:45.813 [info] fatal: not a git repository (or any parent up to mount point /)
Stopping at filesystem boundary (GIT_DISCOVERY_ACROSS_FILESYSTEM not set).
2024-07-22 22:02:45.816 [info] > git rev-parse --show-toplevel [1ms]
2024-07-22 22:02:45.816 [info] fatal: not a git repository (or any parent up to mount point /)
Stopping at filesystem boundary (GIT_DISCOVERY_ACROSS_FILESYSTEM not set).
2024-07-22 22:02:45.819 [info] > git rev-parse --show-toplevel [1ms]
2024-07-22 22:02:45.823 [info] > git rev-parse --git-dir --git-common-dir [1ms]
2024-07-22 22:02:45.829 [info] Open repository: /home/sam/.oh-my-zsh
2024-07-22 22:02:45.861 [info] > git rev-parse --show-toplevel [24ms]
2024-07-22 22:02:45.861 [info] fatal: not a git repository (or any parent up to mount point /)
Stopping at filesystem boundary (GIT_DISCOVERY_ACROSS_FILESYSTEM not set).
2024-07-22 22:02:45.861 [info] > git config --get commit.template [27ms]
2024-07-22 22:02:45.871 [info] > git rev-parse --show-toplevel [5ms]
2024-07-22 22:02:45.871 [info] fatal: not a git repository (or any parent up to mount point /)
Stopping at filesystem boundary (GIT_DISCOVERY_ACROSS_FILESYSTEM not set).
2024-07-22 22:02:45.878 [info] > git for-each-ref --format=%(refname)%00%(upstream:short)%00%(objectname)%00%(upstream:track)%00%(upstream:remotename)%00%(upstream:remoteref) refs/heads/master refs/remotes/master [7ms]
2024-07-22 22:02:45.881 [info] > git rev-parse --show-toplevel [6ms]
2024-07-22 22:02:45.881 [info] fatal: not a git repository (or any parent up to mount point /)
Stopping at filesystem boundary (GIT_DISCOVERY_ACROSS_FILESYSTEM not set).
2024-07-22 22:02:45.891 [info] > git rev-parse --show-toplevel [1ms]
2024-07-22 22:02:45.891 [info] fatal: not a git repository (or any parent up to mount point /)
Stopping at filesystem boundary (GIT_DISCOVERY_ACROSS_FILESYSTEM not set).
2024-07-22 22:02:45.904 [info] > git status -z -uall [9ms]
2024-07-22 22:02:45.905 [info] > git rev-parse --show-toplevel [7ms]
2024-07-22 22:02:45.905 [info] fatal: not a git repository (or any parent up to mount point /)
Stopping at filesystem boundary (GIT_DISCOVERY_ACROSS_FILESYSTEM not set).
2024-07-22 22:02:45.921 [info] > git for-each-ref --format=%(refname)%00%(upstream:short)%00%(objectname)%00%(upstream:track)%00%(upstream:remotename)%00%(upstream:remoteref) refs/heads/master refs/remotes/master [9ms]
2024-07-22 22:02:45.924 [info] > git rev-parse --show-toplevel [16ms]
2024-07-22 22:02:45.924 [info] fatal: not a git repository (or any parent up to mount point /)
Stopping at filesystem boundary (GIT_DISCOVERY_ACROSS_FILESYSTEM not set).
2024-07-22 22:02:45.928 [info] > git config --get commit.template [10ms]
2024-07-22 22:02:45.929 [info] > git rev-parse --show-toplevel [2ms]
2024-07-22 22:02:45.929 [info] fatal: not a git repository (or any parent up to mount point /)
Stopping at filesystem boundary (GIT_DISCOVERY_ACROSS_FILESYSTEM not set).
2024-07-22 22:02:45.930 [info] > git config --local branch.master.vscode-merge-base [6ms]
2024-07-22 22:02:45.930 [warning] git config failed: Failed to execute git
2024-07-22 22:02:45.953 [info] > git rev-parse --show-toplevel [16ms]
2024-07-22 22:02:45.953 [info] fatal: not a git repository (or any parent up to mount point /)
Stopping at filesystem boundary (GIT_DISCOVERY_ACROSS_FILESYSTEM not set).
2024-07-22 22:02:45.953 [info] > git for-each-ref --format=%(refname)%00%(upstream:short)%00%(objectname)%00%(upstream:track)%00%(upstream:remotename)%00%(upstream:remoteref) refs/heads/master refs/remotes/master [18ms]
2024-07-22 22:02:45.953 [info] > git reflog master --grep-reflog=branch: Created from *. [21ms]
2024-07-22 22:02:45.969 [info] > git for-each-ref --format=%(refname)%00%(upstream:short)%00%(objectname)%00%(upstream:track)%00%(upstream:remotename)%00%(upstream:remoteref) refs/heads/origin/master refs/remotes/origin/master [12ms]
2024-07-22 22:02:45.974 [info] > git symbolic-ref --short refs/remotes/origin/HEAD [3ms]
2024-07-22 22:02:45.974 [info] fatal: ref refs/remotes/origin/HEAD is not a symbolic ref
2024-07-22 22:02:45.976 [info] > git rev-parse --show-toplevel [10ms]
2024-07-22 22:02:45.976 [info] fatal: not a git repository (or any parent up to mount point /)
Stopping at filesystem boundary (GIT_DISCOVERY_ACROSS_FILESYSTEM not set).
2024-07-22 22:02:45.980 [info] > git merge-base refs/heads/master refs/remotes/origin/master [4ms]
2024-07-22 22:02:45.986 [info] > git rev-parse --show-toplevel [6ms]
2024-07-22 22:02:45.986 [info] fatal: not a git repository (or any parent up to mount point /)
Stopping at filesystem boundary (GIT_DISCOVERY_ACROSS_FILESYSTEM not set).
2024-07-22 22:02:45.989 [info] > git rev-list --count --left-right refs/heads/master...refs/remotes/origin/master [6ms]
2024-07-22 22:02:45.993 [info] > git status -z -uall [8ms]
2024-07-22 22:02:45.993 [info] > git rev-parse --show-toplevel [4ms]
2024-07-22 22:02:45.993 [info] fatal: not a git repository (or any parent up to mount point /)
Stopping at filesystem boundary (GIT_DISCOVERY_ACROSS_FILESYSTEM not set).
2024-07-22 22:02:46.000 [info] > git for-each-ref --format=%(refname)%00%(upstream:short)%00%(objectname)%00%(upstream:track)%00%(upstream:remotename)%00%(upstream:remoteref) refs/heads/master refs/remotes/master [4ms]
2024-07-22 22:02:46.002 [info] > git diff --name-status -z --diff-filter=ADMR be10a9127731e7c6a9a57f8c8c1789e233117ae9...refs/remotes/origin/master [10ms]
2024-07-22 22:02:46.004 [info] > git config --local branch.master.vscode-merge-base [2ms]
2024-07-22 22:02:46.004 [warning] git config failed: Failed to execute git
2024-07-22 22:02:46.006 [info] > git rev-parse --show-toplevel [7ms]
2024-07-22 22:02:46.010 [info] > git rev-parse --git-dir --git-common-dir [1ms]
2024-07-22 22:02:46.012 [info] Open repository: /home/sam/Git
2024-07-22 22:02:46.013 [info] > git reflog master --grep-reflog=branch: Created from *. [7ms]
2024-07-22 22:02:46.024 [info] > git rev-parse --show-toplevel [2ms]
2024-07-22 22:02:46.024 [info] fatal: not a git repository (or any parent up to mount point /)
Stopping at filesystem boundary (GIT_DISCOVERY_ACROSS_FILESYSTEM not set).
2024-07-22 22:02:46.024 [info] > git config --get commit.template [5ms]
2024-07-22 22:02:46.024 [info] > git for-each-ref --format=%(refname)%00%(upstream:short)%00%(objectname)%00%(upstream:track)%00%(upstream:remotename)%00%(upstream:remoteref) refs/heads/origin/master refs/remotes/origin/master [8ms]
2024-07-22 22:02:46.031 [info] > git symbolic-ref --short refs/remotes/origin/HEAD [4ms]
2024-07-22 22:02:46.032 [info] fatal: ref refs/remotes/origin/HEAD is not a symbolic ref
2024-07-22 22:02:46.035 [info] > git rev-parse --show-toplevel [4ms]
2024-07-22 22:02:46.035 [info] fatal: not a git repository (or any parent up to mount point /)
Stopping at filesystem boundary (GIT_DISCOVERY_ACROSS_FILESYSTEM not set).
2024-07-22 22:02:46.040 [info] > git for-each-ref --format=%(refname)%00%(upstream:short)%00%(objectname)%00%(upstream:track)%00%(upstream:remotename)%00%(upstream:remoteref) refs/heads/next refs/remotes/next [6ms]
2024-07-22 22:02:46.044 [warning] ENOENT: no such file or directory, open '/home/sam/Git/.git/refs/remotes/origin/next'
2024-07-22 22:02:46.044 [info] > git rev-parse --show-toplevel [4ms]
2024-07-22 22:02:46.044 [info] fatal: not a git repository (or any parent up to mount point /)
Stopping at filesystem boundary (GIT_DISCOVERY_ACROSS_FILESYSTEM not set).
2024-07-22 22:02:46.047 [info] > git rev-parse refs/remotes/origin/next [3ms]
2024-07-22 22:02:46.051 [info] > git rev-parse --show-toplevel [4ms]
2024-07-22 22:02:46.051 [info] fatal: not a git repository (or any parent up to mount point /)
Stopping at filesystem boundary (GIT_DISCOVERY_ACROSS_FILESYSTEM not set).
2024-07-22 22:02:46.054 [info] > git status -z -uall [4ms]
2024-07-22 22:02:46.066 [info] > git for-each-ref --format=%(refname)%00%(upstream:short)%00%(objectname)%00%(upstream:track)%00%(upstream:remotename)%00%(upstream:remoteref) refs/heads/next refs/remotes/next [9ms]
2024-07-22 22:02:46.068 [info] > git rev-parse --show-toplevel [15ms]
2024-07-22 22:02:46.068 [info] fatal: not a git repository (or any parent up to mount point /)
Stopping at filesystem boundary (GIT_DISCOVERY_ACROSS_FILESYSTEM not set).
2024-07-22 22:02:46.071 [info] > git config --get commit.template [6ms]
2024-07-22 22:02:46.073 [info] > git rev-parse --show-toplevel [2ms]
2024-07-22 22:02:46.073 [info] fatal: not a git repository (or any parent up to mount point /)
Stopping at filesystem boundary (GIT_DISCOVERY_ACROSS_FILESYSTEM not set).
2024-07-22 22:02:46.073 [info] > git config --local branch.next.vscode-merge-base [5ms]
2024-07-22 22:02:46.084 [info] > git rev-parse --show-toplevel [3ms]
2024-07-22 22:02:46.085 [info] > git for-each-ref --format=%(refname)%00%(upstream:short)%00%(objectname)%00%(upstream:track)%00%(upstream:remotename)%00%(upstream:remoteref) refs/heads/next refs/remotes/next [6ms]
2024-07-22 22:02:46.085 [info] > git for-each-ref --format=%(refname)%00%(upstream:short)%00%(objectname)%00%(upstream:track)%00%(upstream:remotename)%00%(upstream:remoteref) refs/heads/origin/next refs/remotes/origin/next [9ms]
2024-07-22 22:02:46.093 [warning] ENOENT: no such file or directory, open '/home/sam/Git/.git/refs/remotes/origin/next'
2024-07-22 22:02:46.094 [info] > git rev-parse --git-dir --git-common-dir [3ms]
2024-07-22 22:02:46.096 [info] Open repository: /home/sam/dotfiles
2024-07-22 22:02:46.097 [info] > git merge-base refs/heads/next refs/remotes/origin/next [9ms]
2024-07-22 22:02:46.106 [info] > git rev-parse refs/remotes/origin/next [13ms]
2024-07-22 22:02:46.111 [info] > git status -z -uall [3ms]
2024-07-22 22:02:46.111 [info] > git rev-parse --show-toplevel [6ms]
2024-07-22 22:02:46.111 [info] fatal: not a git repository (or any parent up to mount point /)
Stopping at filesystem boundary (GIT_DISCOVERY_ACROSS_FILESYSTEM not set).
2024-07-22 22:02:46.112 [info] > git config --get commit.template [10ms]
2024-07-22 22:02:46.112 [info] > git rev-list --count --left-right refs/heads/next...refs/remotes/origin/next [13ms]
2024-07-22 22:02:46.136 [info] > git diff --name-status -z --diff-filter=ADMR 836fc5922a3221ed1edbdaf5f1b642696f622cdf...refs/remotes/origin/next [22ms]
2024-07-22 22:02:46.147 [info] > git for-each-ref --format=%(refname)%00%(upstream:short)%00%(objectname)%00%(upstream:track)%00%(upstream:remotename)%00%(upstream:remoteref) refs/heads/next refs/remotes/next [7ms]
2024-07-22 22:02:46.150 [info] > git for-each-ref --format=%(refname)%00%(upstream:short)%00%(objectname)%00%(upstream:track)%00%(upstream:remotename)%00%(upstream:remoteref) refs/heads/main refs/remotes/main [4ms]
2024-07-22 22:02:46.151 [info] > git config --local branch.next.vscode-merge-base [2ms]
2024-07-22 22:02:46.157 [info] > git for-each-ref --format=%(refname)%00%(upstream:short)%00%(objectname)%00%(upstream:track)%00%(upstream:remotename)%00%(upstream:remoteref) refs/heads/origin/next refs/remotes/origin/next [4ms]
2024-07-22 22:02:46.158 [info] > git status -z -uall [1ms]
2024-07-22 22:02:46.164 [info] > git for-each-ref --format=%(refname)%00%(upstream:short)%00%(objectname)%00%(upstream:track)%00%(upstream:remotename)%00%(upstream:remoteref) refs/heads/main refs/remotes/main [4ms]
2024-07-22 22:02:46.167 [info] > git config --get commit.template [3ms]
2024-07-22 22:02:46.167 [info] > git config --local branch.main.vscode-merge-base [1ms]
2024-07-22 22:02:46.167 [warning] git config failed: Failed to execute git
2024-07-22 22:02:46.172 [info] > git reflog main --grep-reflog=branch: Created from *. [2ms]
2024-07-22 22:02:46.175 [info] > git for-each-ref --format=%(refname)%00%(upstream:short)%00%(objectname)%00%(upstream:track)%00%(upstream:remotename)%00%(upstream:remoteref) refs/heads/main refs/remotes/main [3ms]
2024-07-22 22:02:46.177 [info] > git symbolic-ref --short refs/remotes/origin/HEAD [2ms]
2024-07-22 22:02:46.177 [info] fatal: ref refs/remotes/origin/HEAD is not a symbolic ref
2024-07-22 22:02:46.180 [info] > git status -z -uall [3ms]
2024-07-22 22:02:46.184 [info] > git for-each-ref --format=%(refname)%00%(upstream:short)%00%(objectname)%00%(upstream:track)%00%(upstream:remotename)%00%(upstream:remoteref) refs/heads/main refs/remotes/main [1ms]
2024-07-22 22:02:46.186 [info] > git merge-base refs/heads/main refs/remotes/origin/main [6ms]
2024-07-22 22:02:46.189 [info] > git config --local branch.main.vscode-merge-base [3ms]
2024-07-22 22:02:46.189 [warning] git config failed: Failed to execute git
2024-07-22 22:02:46.192 [info] > git rev-list --count --left-right refs/heads/main...refs/remotes/origin/main [3ms]
2024-07-22 22:02:46.195 [info] > git reflog main --grep-reflog=branch: Created from *. [3ms]
2024-07-22 22:02:46.198 [info] > git diff --name-status -z --diff-filter=ADMR 3ddb2befb979a046f6321662d4e05b34ff4c802f...refs/remotes/origin/main [3ms]
2024-07-22 22:02:46.198 [info] > git symbolic-ref --short refs/remotes/origin/HEAD [1ms]
2024-07-22 22:02:46.198 [info] fatal: ref refs/remotes/origin/HEAD is not a symbolic ref
2024-07-22 22:02:46.644 [info] > git check-ignore -v -z --stdin [6ms]
2024-07-22 22:02:46.644 [info] > git check-ignore -v -z --stdin [3ms]
2024-07-22 22:02:46.644 [info] > git check-ignore -v -z --stdin [1ms]
2024-07-22 22:02:47.821 [info] > git rev-parse --show-toplevel [1ms]
2024-07-22 22:02:47.821 [info] fatal: not a git repository (or any parent up to mount point /)
Stopping at filesystem boundary (GIT_DISCOVERY_ACROSS_FILESYSTEM not set).
2024-07-22 22:02:53.176 [info] > git rev-parse --show-toplevel [1ms]
2024-07-22 22:02:53.176 [info] fatal: not a git repository (or any parent up to mount point /)
Stopping at filesystem boundary (GIT_DISCOVERY_ACROSS_FILESYSTEM not set).
2024-07-22 22:02:55.253 [info] Log level: Info
2024-07-22 22:02:55.253 [info] Validating found git in: "git"
2024-07-22 22:02:55.253 [info] Using git "2.45.2" from "git"
2024-07-22 22:02:55.253 [info] > git rev-parse --show-toplevel [4ms]
2024-07-22 22:02:55.253 [info] fatal: not a git repository (or any parent up to mount point /)
Stopping at filesystem boundary (GIT_DISCOVERY_ACROSS_FILESYSTEM not set).
2024-07-22 22:02:55.284 [info] > git rev-parse --show-toplevel [1ms]
2024-07-22 22:02:55.284 [info] fatal: not a git repository (or any parent up to mount point /)
Stopping at filesystem boundary (GIT_DISCOVERY_ACROSS_FILESYSTEM not set).
2024-07-22 22:02:55.288 [info] > git rev-parse --show-toplevel [1ms]
2024-07-22 22:02:55.288 [info] fatal: not a git repository (or any parent up to mount point /)
Stopping at filesystem boundary (GIT_DISCOVERY_ACROSS_FILESYSTEM not set).
2024-07-22 22:02:55.292 [info] > git rev-parse --show-toplevel [2ms]
2024-07-22 22:02:55.292 [info] fatal: not a git repository (or any parent up to mount point /)
Stopping at filesystem boundary (GIT_DISCOVERY_ACROSS_FILESYSTEM not set).
2024-07-22 22:02:55.296 [info] > git rev-parse --show-toplevel [1ms]
2024-07-22 22:02:55.296 [info] fatal: not a git repository (or any parent up to mount point /)
Stopping at filesystem boundary (GIT_DISCOVERY_ACROSS_FILESYSTEM not set).
2024-07-22 22:02:55.299 [info] > git rev-parse --show-toplevel [1ms]
2024-07-22 22:02:55.299 [info] fatal: not a git repository (or any parent up to mount point /)
Stopping at filesystem boundary (GIT_DISCOVERY_ACROSS_FILESYSTEM not set).
2024-07-22 22:02:55.302 [info] > git rev-parse --show-toplevel [1ms]
2024-07-22 22:02:55.302 [info] fatal: not a git repository (or any parent up to mount point /)
Stopping at filesystem boundary (GIT_DISCOVERY_ACROSS_FILESYSTEM not set).
2024-07-22 22:02:55.305 [info] > git rev-parse --show-toplevel [1ms]
2024-07-22 22:02:55.305 [info] fatal: not a git repository (or any parent up to mount point /)
Stopping at filesystem boundary (GIT_DISCOVERY_ACROSS_FILESYSTEM not set).
2024-07-22 22:02:55.309 [info] > git rev-parse --show-toplevel [1ms]
2024-07-22 22:02:55.309 [info] fatal: not a git repository (or any parent up to mount point /)
Stopping at filesystem boundary (GIT_DISCOVERY_ACROSS_FILESYSTEM not set).
2024-07-22 22:02:55.312 [info] > git rev-parse --show-toplevel [1ms]
2024-07-22 22:02:55.312 [info] fatal: not a git repository (or any parent up to mount point /)
Stopping at filesystem boundary (GIT_DISCOVERY_ACROSS_FILESYSTEM not set).
2024-07-22 22:02:55.337 [info] > git rev-parse --show-toplevel [23ms]
2024-07-22 22:02:55.337 [info] fatal: not a git repository (or any parent up to mount point /)
Stopping at filesystem boundary (GIT_DISCOVERY_ACROSS_FILESYSTEM not set).
2024-07-22 22:02:55.347 [info] > git rev-parse --show-toplevel [2ms]
2024-07-22 22:02:55.347 [info] fatal: not a git repository (or any parent up to mount point /)
Stopping at filesystem boundary (GIT_DISCOVERY_ACROSS_FILESYSTEM not set).
2024-07-22 22:02:55.350 [info] > git rev-parse --show-toplevel [0ms]
2024-07-22 22:02:55.350 [info] fatal: not a git repository (or any parent up to mount point /)
Stopping at filesystem boundary (GIT_DISCOVERY_ACROSS_FILESYSTEM not set).
2024-07-22 22:02:55.354 [info] > git rev-parse --show-toplevel [0ms]
2024-07-22 22:02:55.357 [info] > git rev-parse --git-dir --git-common-dir [0ms]
2024-07-22 22:02:55.363 [info] Open repository: /home/sam/.oh-my-zsh
2024-07-22 22:02:55.370 [info] > git rev-parse --show-toplevel [1ms]
2024-07-22 22:02:55.370 [info] fatal: not a git repository (or any parent up to mount point /)
Stopping at filesystem boundary (GIT_DISCOVERY_ACROSS_FILESYSTEM not set).
2024-07-22 22:02:55.370 [info] > git config --get commit.template [4ms]
2024-07-22 22:02:55.377 [info] > git rev-parse --show-toplevel [4ms]
2024-07-22 22:02:55.377 [info] fatal: not a git repository (or any parent up to mount point /)
Stopping at filesystem boundary (GIT_DISCOVERY_ACROSS_FILESYSTEM not set).
2024-07-22 22:02:55.379 [info] > git for-each-ref --format=%(refname)%00%(upstream:short)%00%(objectname)%00%(upstream:track)%00%(upstream:remotename)%00%(upstream:remoteref) refs/heads/master refs/remotes/master [3ms]
2024-07-22 22:02:55.380 [info] > git rev-parse --show-toplevel [1ms]
2024-07-22 22:02:55.380 [info] fatal: not a git repository (or any parent up to mount point /)
Stopping at filesystem boundary (GIT_DISCOVERY_ACROSS_FILESYSTEM not set).
2024-07-22 22:02:55.387 [info] > git rev-parse --show-toplevel [4ms]
2024-07-22 22:02:55.387 [info] fatal: not a git repository (or any parent up to mount point /)
Stopping at filesystem boundary (GIT_DISCOVERY_ACROSS_FILESYSTEM not set).
2024-07-22 22:02:55.391 [info] > git rev-parse --show-toplevel [0ms]
2024-07-22 22:02:55.391 [info] fatal: not a git repository (or any parent up to mount point /)
Stopping at filesystem boundary (GIT_DISCOVERY_ACROSS_FILESYSTEM not set).
2024-07-22 22:02:55.394 [info] > git status -z -uall [8ms]
2024-07-22 22:02:55.404 [info] > git for-each-ref --format=%(refname)%00%(upstream:short)%00%(objectname)%00%(upstream:track)%00%(upstream:remotename)%00%(upstream:remoteref) refs/heads/master refs/remotes/master [6ms]
2024-07-22 22:02:55.408 [info] > git rev-parse --show-toplevel [14ms]
2024-07-22 22:02:55.408 [info] fatal: not a git repository (or any parent up to mount point /)
Stopping at filesystem boundary (GIT_DISCOVERY_ACROSS_FILESYSTEM not set).
2024-07-22 22:02:55.411 [info] > git config --local branch.master.vscode-merge-base [4ms]
2024-07-22 22:02:55.411 [warning] git config failed: Failed to execute git
2024-07-22 22:02:55.414 [info] > git config --get commit.template [10ms]
2024-07-22 22:02:55.415 [info] > git rev-parse --show-toplevel [4ms]
2024-07-22 22:02:55.415 [info] fatal: not a git repository (or any parent up to mount point /)
Stopping at filesystem boundary (GIT_DISCOVERY_ACROSS_FILESYSTEM not set).
2024-07-22 22:02:55.421 [info] > git for-each-ref --format=%(refname)%00%(upstream:short)%00%(objectname)%00%(upstream:track)%00%(upstream:remotename)%00%(upstream:remoteref) refs/heads/master refs/remotes/master [2ms]
2024-07-22 22:02:55.421 [info] > git reflog master --grep-reflog=branch: Created from *. [7ms]
2024-07-22 22:02:55.423 [info] > git rev-parse --show-toplevel [3ms]
2024-07-22 22:02:55.423 [info] fatal: not a git repository (or any parent up to mount point /)
Stopping at filesystem boundary (GIT_DISCOVERY_ACROSS_FILESYSTEM not set).
2024-07-22 22:02:55.429 [info] > git rev-parse --show-toplevel [2ms]
2024-07-22 22:02:55.429 [info] fatal: not a git repository (or any parent up to mount point /)
Stopping at filesystem boundary (GIT_DISCOVERY_ACROSS_FILESYSTEM not set).
2024-07-22 22:02:55.429 [info] > git for-each-ref --format=%(refname)%00%(upstream:short)%00%(objectname)%00%(upstream:track)%00%(upstream:remotename)%00%(upstream:remoteref) refs/heads/origin/master refs/remotes/origin/master [6ms]
2024-07-22 22:02:55.436 [info] > git symbolic-ref --short refs/remotes/origin/HEAD [5ms]
2024-07-22 22:02:55.437 [info] fatal: ref refs/remotes/origin/HEAD is not a symbolic ref
2024-07-22 22:02:55.440 [info] > git status -z -uall [6ms]
2024-07-22 22:02:55.444 [info] > git rev-parse --show-toplevel [8ms]
2024-07-22 22:02:55.444 [info] fatal: not a git repository (or any parent up to mount point /)
Stopping at filesystem boundary (GIT_DISCOVERY_ACROSS_FILESYSTEM not set).
2024-07-22 22:02:55.447 [info] > git for-each-ref --format=%(refname)%00%(upstream:short)%00%(objectname)%00%(upstream:track)%00%(upstream:remotename)%00%(upstream:remoteref) refs/heads/master refs/remotes/master [4ms]
2024-07-22 22:02:55.450 [info] > git merge-base refs/heads/master refs/remotes/origin/master [11ms]
2024-07-22 22:02:55.454 [info] > git config --local branch.master.vscode-merge-base [3ms]
2024-07-22 22:02:55.454 [warning] git config failed: Failed to execute git
2024-07-22 22:02:55.456 [info] > git rev-parse --show-toplevel [9ms]
2024-07-22 22:02:55.456 [info] fatal: not a git repository (or any parent up to mount point /)
Stopping at filesystem boundary (GIT_DISCOVERY_ACROSS_FILESYSTEM not set).
2024-07-22 22:02:55.461 [info] > git rev-list --count --left-right refs/heads/master...refs/remotes/origin/master [8ms]
2024-07-22 22:02:55.465 [info] > git rev-parse --show-toplevel [7ms]
2024-07-22 22:02:55.465 [info] > git reflog master --grep-reflog=branch: Created from *. [9ms]
2024-07-22 22:02:55.470 [info] > git diff --name-status -z --diff-filter=ADMR be10a9127731e7c6a9a57f8c8c1789e233117ae9...refs/remotes/origin/master [6ms]
2024-07-22 22:02:55.471 [info] > git rev-parse --git-dir --git-common-dir [1ms]
2024-07-22 22:02:55.473 [info] Open repository: /home/sam/Git
2024-07-22 22:02:55.473 [info] > git for-each-ref --format=%(refname)%00%(upstream:short)%00%(objectname)%00%(upstream:track)%00%(upstream:remotename)%00%(upstream:remoteref) refs/heads/origin/master refs/remotes/origin/master [6ms]
2024-07-22 22:02:55.481 [info] > git rev-parse --show-toplevel [1ms]
2024-07-22 22:02:55.481 [info] fatal: not a git repository (or any parent up to mount point /)
Stopping at filesystem boundary (GIT_DISCOVERY_ACROSS_FILESYSTEM not set).
2024-07-22 22:02:55.481 [info] > git config --get commit.template [3ms]
2024-07-22 22:02:55.481 [info] > git symbolic-ref --short refs/remotes/origin/HEAD [6ms]
2024-07-22 22:02:55.481 [info] fatal: ref refs/remotes/origin/HEAD is not a symbolic ref
2024-07-22 22:02:55.487 [info] > git for-each-ref --format=%(refname)%00%(upstream:short)%00%(objectname)%00%(upstream:track)%00%(upstream:remotename)%00%(upstream:remoteref) refs/heads/next refs/remotes/next [1ms]
2024-07-22 22:02:55.488 [info] > git rev-parse --show-toplevel [4ms]
2024-07-22 22:02:55.488 [info] fatal: not a git repository (or any parent up to mount point /)
Stopping at filesystem boundary (GIT_DISCOVERY_ACROSS_FILESYSTEM not set).
2024-07-22 22:02:55.490 [warning] ENOENT: no such file or directory, open '/home/sam/Git/.git/refs/remotes/origin/next'
2024-07-22 22:02:55.493 [info] > git rev-parse --show-toplevel [1ms]
2024-07-22 22:02:55.493 [info] fatal: not a git repository (or any parent up to mount point /)
Stopping at filesystem boundary (GIT_DISCOVERY_ACROSS_FILESYSTEM not set).
2024-07-22 22:02:55.493 [info] > git rev-parse refs/remotes/origin/next [3ms]
2024-07-22 22:02:55.499 [info] > git status -z -uall [3ms]
2024-07-22 22:02:55.513 [info] > git for-each-ref --format=%(refname)%00%(upstream:short)%00%(objectname)%00%(upstream:track)%00%(upstream:remotename)%00%(upstream:remoteref) refs/heads/next refs/remotes/next [10ms]
2024-07-22 22:02:55.516 [info] > git rev-parse --show-toplevel [17ms]
2024-07-22 22:02:55.516 [info] fatal: not a git repository (or any parent up to mount point /)
Stopping at filesystem boundary (GIT_DISCOVERY_ACROSS_FILESYSTEM not set).
2024-07-22 22:02:55.518 [info] > git config --get commit.template [6ms]
2024-07-22 22:02:55.522 [info] > git rev-parse --show-toplevel [4ms]
2024-07-22 22:02:55.522 [info] fatal: not a git repository (or any parent up to mount point /)
Stopping at filesystem boundary (GIT_DISCOVERY_ACROSS_FILESYSTEM not set).
2024-07-22 22:02:55.522 [info] > git config --local branch.next.vscode-merge-base [7ms]
2024-07-22 22:02:55.531 [info] > git for-each-ref --format=%(refname)%00%(upstream:short)%00%(objectname)%00%(upstream:track)%00%(upstream:remotename)%00%(upstream:remoteref) refs/heads/next refs/remotes/next [3ms]
2024-07-22 22:02:55.531 [info] > git for-each-ref --format=%(refname)%00%(upstream:short)%00%(objectname)%00%(upstream:track)%00%(upstream:remotename)%00%(upstream:remoteref) refs/heads/origin/next refs/remotes/origin/next [6ms]
2024-07-22 22:02:55.537 [warning] ENOENT: no such file or directory, open '/home/sam/Git/.git/refs/remotes/origin/next'
2024-07-22 22:02:55.537 [info] > git rev-parse --show-toplevel [7ms]
2024-07-22 22:02:55.537 [info] fatal: not a git repository (or any parent up to mount point /)
Stopping at filesystem boundary (GIT_DISCOVERY_ACROSS_FILESYSTEM not set).
2024-07-22 22:02:55.540 [info] > git merge-base refs/heads/next refs/remotes/origin/next [6ms]
2024-07-22 22:02:55.543 [info] > git rev-parse --show-toplevel [3ms]
2024-07-22 22:02:55.543 [info] > git rev-parse refs/remotes/origin/next [6ms]
2024-07-22 22:02:55.548 [info] > git status -z -uall [3ms]
2024-07-22 22:02:55.548 [info] > git rev-list --count --left-right refs/heads/next...refs/remotes/origin/next [5ms]
2024-07-22 22:02:55.551 [info] > git rev-parse --git-dir --git-common-dir [3ms]
2024-07-22 22:02:55.553 [info] Open repository: /home/sam/dotfiles
2024-07-22 22:02:55.568 [info] > git for-each-ref --format=%(refname)%00%(upstream:short)%00%(objectname)%00%(upstream:track)%00%(upstream:remotename)%00%(upstream:remoteref) refs/heads/next refs/remotes/next [11ms]
2024-07-22 22:02:55.571 [info] > git diff --name-status -z --diff-filter=ADMR 836fc5922a3221ed1edbdaf5f1b642696f622cdf...refs/remotes/origin/next [20ms]
2024-07-22 22:02:55.594 [info] > git config --local branch.next.vscode-merge-base [23ms]
2024-07-22 22:02:55.597 [info] > git rev-parse --show-toplevel [30ms]
2024-07-22 22:02:55.597 [info] fatal: not a git repository (or any parent up to mount point /)
Stopping at filesystem boundary (GIT_DISCOVERY_ACROSS_FILESYSTEM not set).
2024-07-22 22:02:55.598 [info] > git config --get commit.template [34ms]
2024-07-22 22:02:55.599 [info] > git for-each-ref --format=%(refname)%00%(upstream:short)%00%(objectname)%00%(upstream:track)%00%(upstream:remotename)%00%(upstream:remoteref) refs/heads/origin/next refs/remotes/origin/next [2ms]
2024-07-22 22:02:55.603 [info] > git for-each-ref --format=%(refname)%00%(upstream:short)%00%(objectname)%00%(upstream:track)%00%(upstream:remotename)%00%(upstream:remoteref) refs/heads/main refs/remotes/main [1ms]
2024-07-22 22:02:55.606 [info] > git status -z -uall [1ms]
2024-07-22 22:02:55.614 [info] > git for-each-ref --format=%(refname)%00%(upstream:short)%00%(objectname)%00%(upstream:track)%00%(upstream:remotename)%00%(upstream:remoteref) refs/heads/main refs/remotes/main [5ms]
2024-07-22 22:02:55.617 [info] > git config --local branch.main.vscode-merge-base [1ms]
2024-07-22 22:02:55.617 [warning] git config failed: Failed to execute git
2024-07-22 22:02:55.620 [info] > git config --get commit.template [7ms]
2024-07-22 22:02:55.623 [info] > git reflog main --grep-reflog=branch: Created from *. [3ms]
2024-07-22 22:02:55.626 [info] > git for-each-ref --format=%(refname)%00%(upstream:short)%00%(objectname)%00%(upstream:track)%00%(upstream:remotename)%00%(upstream:remoteref) refs/heads/main refs/remotes/main [3ms]
2024-07-22 22:02:55.628 [info] > git symbolic-ref --short refs/remotes/origin/HEAD [2ms]
2024-07-22 22:02:55.628 [info] fatal: ref refs/remotes/origin/HEAD is not a symbolic ref
2024-07-22 22:02:55.631 [info] > git status -z -uall [3ms]
2024-07-22 22:02:55.636 [info] > git for-each-ref --format=%(refname)%00%(upstream:short)%00%(objectname)%00%(upstream:track)%00%(upstream:remotename)%00%(upstream:remoteref) refs/heads/main refs/remotes/main [2ms]
2024-07-22 22:02:55.639 [info] > git merge-base refs/heads/main refs/remotes/origin/main [8ms]
2024-07-22 22:02:55.642 [info] > git config --local branch.main.vscode-merge-base [4ms]
2024-07-22 22:02:55.642 [warning] git config failed: Failed to execute git
2024-07-22 22:02:55.645 [info] > git rev-list --count --left-right refs/heads/main...refs/remotes/origin/main [4ms]
2024-07-22 22:02:55.648 [info] > git reflog main --grep-reflog=branch: Created from *. [4ms]
2024-07-22 22:02:55.650 [info] > git diff --name-status -z --diff-filter=ADMR 3ddb2befb979a046f6321662d4e05b34ff4c802f...refs/remotes/origin/main [3ms]
2024-07-22 22:02:55.650 [info] > git symbolic-ref --short refs/remotes/origin/HEAD [0ms]
2024-07-22 22:02:55.650 [info] fatal: ref refs/remotes/origin/HEAD is not a symbolic ref
2024-07-22 22:02:56.102 [info] > git check-ignore -v -z --stdin [6ms]
2024-07-22 22:02:56.102 [info] > git check-ignore -v -z --stdin [3ms]
2024-07-22 22:02:56.102 [info] > git check-ignore -v -z --stdin [1ms]
